mode: set
github.com/prebid/prebid-server/v4/adapters/connectad/connectad.go:23.119,28.2 2 1
github.com/prebid/prebid-server/v4/adapters/connectad/connectad.go:30.142,34.48 2 1
github.com/prebid/prebid-server/v4/adapters/connectad/connectad.go:34.48,38.3 1 1
github.com/prebid/prebid-server/v4/adapters/connectad/connectad.go:40.2,41.16 2 1
github.com/prebid/prebid-server/v4/adapters/connectad/connectad.go:41.16,45.3 1 0
github.com/prebid/prebid-server/v4/adapters/connectad/connectad.go:47.2,50.27 4 1
github.com/prebid/prebid-server/v4/adapters/connectad/connectad.go:50.27,53.30 3 1
github.com/prebid/prebid-server/v4/adapters/connectad/connectad.go:53.30,55.4 1 1
github.com/prebid/prebid-server/v4/adapters/connectad/connectad.go:55.9,55.39 1 1
github.com/prebid/prebid-server/v4/adapters/connectad/connectad.go:55.39,57.4 1 1
github.com/prebid/prebid-server/v4/adapters/connectad/connectad.go:58.3,58.32 1 1
github.com/prebid/prebid-server/v4/adapters/connectad/connectad.go:58.32,60.4 1 1
github.com/prebid/prebid-server/v4/adapters/connectad/connectad.go:60.9,62.4 1 1
github.com/prebid/prebid-server/v4/adapters/connectad/connectad.go:65.2,71.10 1 1
github.com/prebid/prebid-server/v4/adapters/connectad/connectad.go:74.164,76.48 1 1
github.com/prebid/prebid-server/v4/adapters/connectad/connectad.go:76.48,78.3 1 1
github.com/prebid/prebid-server/v4/adapters/connectad/connectad.go:80.2,80.41 1 1
github.com/prebid/prebid-server/v4/adapters/connectad/connectad.go:80.41,84.3 1 1
github.com/prebid/prebid-server/v4/adapters/connectad/connectad.go:86.2,88.67 2 1
github.com/prebid/prebid-server/v4/adapters/connectad/connectad.go:88.67,92.3 1 1
github.com/prebid/prebid-server/v4/adapters/connectad/connectad.go:94.2,98.33 3 1
github.com/prebid/prebid-server/v4/adapters/connectad/connectad.go:98.33,99.24 1 1
github.com/prebid/prebid-server/v4/adapters/connectad/connectad.go:99.24,101.4 1 1
github.com/prebid/prebid-server/v4/adapters/connectad/connectad.go:101.9,101.30 1 1
github.com/prebid/prebid-server/v4/adapters/connectad/connectad.go:101.30,103.4 1 1
github.com/prebid/prebid-server/v4/adapters/connectad/connectad.go:103.9,103.31 1 1
github.com/prebid/prebid-server/v4/adapters/connectad/connectad.go:103.31,105.4 1 1
github.com/prebid/prebid-server/v4/adapters/connectad/connectad.go:105.9,105.30 1 0
github.com/prebid/prebid-server/v4/adapters/connectad/connectad.go:105.30,107.4 1 0
github.com/prebid/prebid-server/v4/adapters/connectad/connectad.go:110.2,110.37 1 1
github.com/prebid/prebid-server/v4/adapters/connectad/connectad.go:110.37,111.25 1 1
github.com/prebid/prebid-server/v4/adapters/connectad/connectad.go:111.25,113.18 2 1
github.com/prebid/prebid-server/v4/adapters/connectad/connectad.go:113.18,115.5 1 0
github.com/prebid/prebid-server/v4/adapters/connectad/connectad.go:117.4,120.6 1 1
github.com/prebid/prebid-server/v4/adapters/connectad/connectad.go:124.2,124.25 1 1
github.com/prebid/prebid-server/v4/adapters/connectad/connectad.go:127.120,128.19 1 1
github.com/prebid/prebid-server/v4/adapters/connectad/connectad.go:129.29,130.40 1 0
github.com/prebid/prebid-server/v4/adapters/connectad/connectad.go:131.28,132.39 1 1
github.com/prebid/prebid-server/v4/adapters/connectad/connectad.go:133.28,134.39 1 0
github.com/prebid/prebid-server/v4/adapters/connectad/connectad.go:135.29,136.40 1 1
github.com/prebid/prebid-server/v4/adapters/connectad/connectad.go:139.2,139.51 1 1
github.com/prebid/prebid-server/v4/adapters/connectad/connectad.go:139.51,141.3 1 1
github.com/prebid/prebid-server/v4/adapters/connectad/connectad.go:143.2,143.65 1 0
github.com/prebid/prebid-server/v4/adapters/connectad/connectad.go:146.55,152.52 5 1
github.com/prebid/prebid-server/v4/adapters/connectad/connectad.go:152.52,154.46 2 1
github.com/prebid/prebid-server/v4/adapters/connectad/connectad.go:154.46,156.4 1 1
github.com/prebid/prebid-server/v4/adapters/connectad/connectad.go:159.2,159.34 1 1
github.com/prebid/prebid-server/v4/adapters/connectad/connectad.go:159.34,161.17 2 1
github.com/prebid/prebid-server/v4/adapters/connectad/connectad.go:161.17,163.12 2 1
github.com/prebid/prebid-server/v4/adapters/connectad/connectad.go:166.3,166.85 1 1
github.com/prebid/prebid-server/v4/adapters/connectad/connectad.go:166.85,170.12 2 1
github.com/prebid/prebid-server/v4/adapters/connectad/connectad.go:173.3,173.59 1 1
github.com/prebid/prebid-server/v4/adapters/connectad/connectad.go:173.59,175.12 2 0
github.com/prebid/prebid-server/v4/adapters/connectad/connectad.go:178.3,178.48 1 1
github.com/prebid/prebid-server/v4/adapters/connectad/connectad.go:178.48,180.12 2 1
github.com/prebid/prebid-server/v4/adapters/connectad/connectad.go:182.3,182.33 1 1
github.com/prebid/prebid-server/v4/adapters/connectad/connectad.go:185.2,187.15 2 1
github.com/prebid/prebid-server/v4/adapters/connectad/connectad.go:190.93,194.26 3 1
github.com/prebid/prebid-server/v4/adapters/connectad/connectad.go:194.26,197.3 2 1
github.com/prebid/prebid-server/v4/adapters/connectad/connectad.go:199.2,200.20 2 1
github.com/prebid/prebid-server/v4/adapters/connectad/connectad.go:200.20,201.62 1 1
github.com/prebid/prebid-server/v4/adapters/connectad/connectad.go:201.62,203.4 1 0
github.com/prebid/prebid-server/v4/adapters/connectad/connectad.go:204.8,206.3 1 0
github.com/prebid/prebid-server/v4/adapters/connectad/connectad.go:208.2,212.16 4 1
github.com/prebid/prebid-server/v4/adapters/connectad/connectad.go:212.16,214.3 1 0
github.com/prebid/prebid-server/v4/adapters/connectad/connectad.go:215.2,217.12 2 1
github.com/prebid/prebid-server/v4/adapters/connectad/connectad.go:220.86,221.26 1 1
github.com/prebid/prebid-server/v4/adapters/connectad/connectad.go:221.26,223.3 1 1
github.com/prebid/prebid-server/v4/adapters/connectad/connectad.go:226.76,228.64 2 1
github.com/prebid/prebid-server/v4/adapters/connectad/connectad.go:228.64,232.3 1 1
github.com/prebid/prebid-server/v4/adapters/connectad/connectad.go:234.2,235.70 2 1
github.com/prebid/prebid-server/v4/adapters/connectad/connectad.go:235.70,239.3 1 0
github.com/prebid/prebid-server/v4/adapters/connectad/connectad.go:241.2,241.24 1 1
github.com/prebid/prebid-server/v4/adapters/connectad/connectad.go:241.24,245.3 1 1
github.com/prebid/prebid-server/v4/adapters/connectad/connectad.go:247.2,247.21 1 1
github.com/prebid/prebid-server/v4/adapters/connectad/connectad.go:250.48,251.23 1 1
github.com/prebid/prebid-server/v4/adapters/connectad/connectad.go:251.23,253.3 1 1
github.com/prebid/prebid-server/v4/adapters/connectad/connectad.go:255.2,255.48 1 1
github.com/prebid/prebid-server/v4/adapters/connectad/connectad.go:255.48,259.30 3 1
github.com/prebid/prebid-server/v4/adapters/connectad/connectad.go:259.30,263.4 1 1
github.com/prebid/prebid-server/v4/adapters/connectad/connectad.go:264.3,268.22 5 1
github.com/prebid/prebid-server/v4/adapters/connectad/connectad.go:271.2,271.12 1 1
