mode: set
github.com/prebid/prebid-server/adapters/adkernelAdn/adkernelAdn.go:25.149,27.27 2 1
github.com/prebid/prebid-server/adapters/adkernelAdn/adkernelAdn.go:31.2,32.20 2 1
github.com/prebid/prebid-server/adapters/adkernelAdn/adkernelAdn.go:35.2,38.25 3 1
github.com/prebid/prebid-server/adapters/adkernelAdn/adkernelAdn.go:41.2,41.31 1 1
github.com/prebid/prebid-server/adapters/adkernelAdn/adkernelAdn.go:44.2,45.39 2 1
github.com/prebid/prebid-server/adapters/adkernelAdn/adkernelAdn.go:53.2,53.21 1 1
github.com/prebid/prebid-server/adapters/adkernelAdn/adkernelAdn.go:27.27,30.3 2 1
github.com/prebid/prebid-server/adapters/adkernelAdn/adkernelAdn.go:32.20,34.3 1 1
github.com/prebid/prebid-server/adapters/adkernelAdn/adkernelAdn.go:38.25,40.3 1 1
github.com/prebid/prebid-server/adapters/adkernelAdn/adkernelAdn.go:41.31,43.3 1 1
github.com/prebid/prebid-server/adapters/adkernelAdn/adkernelAdn.go:45.39,47.17 2 1
github.com/prebid/prebid-server/adapters/adkernelAdn/adkernelAdn.go:47.17,49.4 1 0
github.com/prebid/prebid-server/adapters/adkernelAdn/adkernelAdn.go:49.9,51.4 1 1
github.com/prebid/prebid-server/adapters/adkernelAdn/adkernelAdn.go:57.103,63.27 5 1
github.com/prebid/prebid-server/adapters/adkernelAdn/adkernelAdn.go:77.2,77.36 1 1
github.com/prebid/prebid-server/adapters/adkernelAdn/adkernelAdn.go:63.27,65.17 2 1
github.com/prebid/prebid-server/adapters/adkernelAdn/adkernelAdn.go:69.3,69.58 1 1
github.com/prebid/prebid-server/adapters/adkernelAdn/adkernelAdn.go:73.3,74.43 2 1
github.com/prebid/prebid-server/adapters/adkernelAdn/adkernelAdn.go:65.17,67.12 2 1
github.com/prebid/prebid-server/adapters/adkernelAdn/adkernelAdn.go:69.58,71.12 2 1
github.com/prebid/prebid-server/adapters/adkernelAdn/adkernelAdn.go:80.88,81.28 1 1
github.com/prebid/prebid-server/adapters/adkernelAdn/adkernelAdn.go:84.2,84.43 1 1
github.com/prebid/prebid-server/adapters/adkernelAdn/adkernelAdn.go:87.2,87.12 1 1
github.com/prebid/prebid-server/adapters/adkernelAdn/adkernelAdn.go:81.28,83.3 1 1
github.com/prebid/prebid-server/adapters/adkernelAdn/adkernelAdn.go:84.43,86.3 1 1
github.com/prebid/prebid-server/adapters/adkernelAdn/adkernelAdn.go:91.146,94.24 3 1
github.com/prebid/prebid-server/adapters/adkernelAdn/adkernelAdn.go:108.2,108.20 1 1
github.com/prebid/prebid-server/adapters/adkernelAdn/adkernelAdn.go:94.24,97.17 3 1
github.com/prebid/prebid-server/adapters/adkernelAdn/adkernelAdn.go:101.3,102.25 2 1
github.com/prebid/prebid-server/adapters/adkernelAdn/adkernelAdn.go:105.3,105.41 1 1
github.com/prebid/prebid-server/adapters/adkernelAdn/adkernelAdn.go:97.17,99.12 2 1
github.com/prebid/prebid-server/adapters/adkernelAdn/adkernelAdn.go:102.25,104.4 1 1
github.com/prebid/prebid-server/adapters/adkernelAdn/adkernelAdn.go:112.47,114.23 2 1
github.com/prebid/prebid-server/adapters/adkernelAdn/adkernelAdn.go:117.2,117.22 1 1
github.com/prebid/prebid-server/adapters/adkernelAdn/adkernelAdn.go:120.2,120.69 1 0
github.com/prebid/prebid-server/adapters/adkernelAdn/adkernelAdn.go:114.23,116.3 1 1
github.com/prebid/prebid-server/adapters/adkernelAdn/adkernelAdn.go:117.22,119.3 1 1
github.com/prebid/prebid-server/adapters/adkernelAdn/adkernelAdn.go:123.53,128.40 3 1
github.com/prebid/prebid-server/adapters/adkernelAdn/adkernelAdn.go:139.2,143.12 4 1
github.com/prebid/prebid-server/adapters/adkernelAdn/adkernelAdn.go:128.40,129.30 1 1
github.com/prebid/prebid-server/adapters/adkernelAdn/adkernelAdn.go:132.3,136.22 5 1
github.com/prebid/prebid-server/adapters/adkernelAdn/adkernelAdn.go:129.30,131.4 1 1
github.com/prebid/prebid-server/adapters/adkernelAdn/adkernelAdn.go:146.52,151.2 4 1
github.com/prebid/prebid-server/adapters/adkernelAdn/adkernelAdn.go:153.81,155.60 2 1
github.com/prebid/prebid-server/adapters/adkernelAdn/adkernelAdn.go:160.2,161.74 2 1
github.com/prebid/prebid-server/adapters/adkernelAdn/adkernelAdn.go:166.2,166.29 1 1
github.com/prebid/prebid-server/adapters/adkernelAdn/adkernelAdn.go:155.60,159.3 1 0
github.com/prebid/prebid-server/adapters/adkernelAdn/adkernelAdn.go:161.74,165.3 1 1
github.com/prebid/prebid-server/adapters/adkernelAdn/adkernelAdn.go:169.184,172.16 3 1
github.com/prebid/prebid-server/adapters/adkernelAdn/adkernelAdn.go:176.2,182.16 6 1
github.com/prebid/prebid-server/adapters/adkernelAdn/adkernelAdn.go:186.2,190.25 1 1
github.com/prebid/prebid-server/adapters/adkernelAdn/adkernelAdn.go:172.16,174.3 1 0
github.com/prebid/prebid-server/adapters/adkernelAdn/adkernelAdn.go:182.16,184.3 1 0
github.com/prebid/prebid-server/adapters/adkernelAdn/adkernelAdn.go:193.140,197.28 3 1
github.com/prebid/prebid-server/adapters/adkernelAdn/adkernelAdn.go:204.2,204.27 1 1
github.com/prebid/prebid-server/adapters/adkernelAdn/adkernelAdn.go:210.2,210.20 1 1
github.com/prebid/prebid-server/adapters/adkernelAdn/adkernelAdn.go:197.28,203.3 4 1
github.com/prebid/prebid-server/adapters/adkernelAdn/adkernelAdn.go:204.27,209.3 3 1
github.com/prebid/prebid-server/adapters/adkernelAdn/adkernelAdn.go:214.108,216.23 2 1
github.com/prebid/prebid-server/adapters/adkernelAdn/adkernelAdn.go:219.2,221.71 3 1
github.com/prebid/prebid-server/adapters/adkernelAdn/adkernelAdn.go:216.23,218.3 1 1
github.com/prebid/prebid-server/adapters/adkernelAdn/adkernelAdn.go:225.190,226.49 1 1
github.com/prebid/prebid-server/adapters/adkernelAdn/adkernelAdn.go:229.2,229.42 1 1
github.com/prebid/prebid-server/adapters/adkernelAdn/adkernelAdn.go:234.2,235.64 2 1
github.com/prebid/prebid-server/adapters/adkernelAdn/adkernelAdn.go:240.2,240.31 1 1
github.com/prebid/prebid-server/adapters/adkernelAdn/adkernelAdn.go:246.2,249.40 3 1
github.com/prebid/prebid-server/adapters/adkernelAdn/adkernelAdn.go:256.2,256.25 1 1
github.com/prebid/prebid-server/adapters/adkernelAdn/adkernelAdn.go:226.49,228.3 1 1
github.com/prebid/prebid-server/adapters/adkernelAdn/adkernelAdn.go:229.42,233.3 1 1
github.com/prebid/prebid-server/adapters/adkernelAdn/adkernelAdn.go:235.64,239.3 1 0
github.com/prebid/prebid-server/adapters/adkernelAdn/adkernelAdn.go:240.31,244.3 1 1
github.com/prebid/prebid-server/adapters/adkernelAdn/adkernelAdn.go:249.40,255.3 2 1
github.com/prebid/prebid-server/adapters/adkernelAdn/adkernelAdn.go:260.81,261.27 1 1
github.com/prebid/prebid-server/adapters/adkernelAdn/adkernelAdn.go:266.2,266.33 1 1
github.com/prebid/prebid-server/adapters/adkernelAdn/adkernelAdn.go:261.27,262.43 1 1
github.com/prebid/prebid-server/adapters/adkernelAdn/adkernelAdn.go:262.43,264.4 1 1
github.com/prebid/prebid-server/adapters/adkernelAdn/adkernelAdn.go:269.45,273.2 1 1
github.com/prebid/prebid-server/adapters/adkernelAdn/adkernelAdn.go:275.54,279.2 1 1
github.com/prebid/prebid-server/adapters/adkernelAdn/adkernelAdn.go:282.69,284.16 2 1
github.com/prebid/prebid-server/adapters/adkernelAdn/adkernelAdn.go:288.2,288.57 1 1
github.com/prebid/prebid-server/adapters/adkernelAdn/adkernelAdn.go:284.16,287.3 2 0
github.com/prebid/prebid-server/adapters/adkernelAdn/usersync.go:12.72,14.2 1 1
github.com/prebid/prebid-server/adapters/bidder.go:42.48,46.2 1 1
github.com/prebid/prebid-server/adapters/bidder.go:63.74,68.2 1 0
github.com/prebid/prebid-server/adapters/bidder.go:75.42,77.2 1 0
github.com/prebid/prebid-server/adapters/bidder.go:124.70,126.2 1 0
github.com/prebid/prebid-server/adapters/info.go:24.63,29.2 1 1
github.com/prebid/prebid-server/adapters/info.go:36.122,38.25 2 1
github.com/prebid/prebid-server/adapters/info.go:44.2,44.24 1 1
github.com/prebid/prebid-server/adapters/info.go:56.2,57.22 2 1
github.com/prebid/prebid-server/adapters/info.go:62.2,63.44 2 1
github.com/prebid/prebid-server/adapters/info.go:38.25,39.27 1 1
github.com/prebid/prebid-server/adapters/info.go:42.3,42.34 1 1
github.com/prebid/prebid-server/adapters/info.go:39.27,41.4 1 1
github.com/prebid/prebid-server/adapters/info.go:44.24,45.26 1 1
github.com/prebid/prebid-server/adapters/info.go:48.3,48.33 1 0
github.com/prebid/prebid-server/adapters/info.go:45.26,47.4 1 1
github.com/prebid/prebid-server/adapters/info.go:57.22,61.3 3 1
github.com/prebid/prebid-server/adapters/info.go:68.101,71.33 3 1
github.com/prebid/prebid-server/adapters/info.go:92.2,92.26 1 1
github.com/prebid/prebid-server/adapters/info.go:71.33,72.52 1 1
github.com/prebid/prebid-server/adapters/info.go:76.3,76.50 1 1
github.com/prebid/prebid-server/adapters/info.go:80.3,80.50 1 1
github.com/prebid/prebid-server/adapters/info.go:84.3,84.52 1 1
github.com/prebid/prebid-server/adapters/info.go:88.3,88.29 1 1
github.com/prebid/prebid-server/adapters/info.go:72.52,75.4 2 1
github.com/prebid/prebid-server/adapters/info.go:76.50,79.4 2 0
github.com/prebid/prebid-server/adapters/info.go:80.50,83.4 2 0
github.com/prebid/prebid-server/adapters/info.go:84.52,87.4 2 1
github.com/prebid/prebid-server/adapters/info.go:88.29,90.4 1 1
github.com/prebid/prebid-server/adapters/info.go:95.131,96.43 1 1
github.com/prebid/prebid-server/adapters/info.go:108.2,108.8 1 1
github.com/prebid/prebid-server/adapters/info.go:96.43,97.22 1 1
github.com/prebid/prebid-server/adapters/info.go:98.34,99.22 1 1
github.com/prebid/prebid-server/adapters/info.go:100.33,101.21 1 1
github.com/prebid/prebid-server/adapters/info.go:102.33,103.21 1 0
github.com/prebid/prebid-server/adapters/info.go:104.34,105.22 1 0
github.com/prebid/prebid-server/adapters/info.go:111.41,113.2 1 1
github.com/prebid/prebid-server/adapters/info.go:115.100,118.33 3 1
github.com/prebid/prebid-server/adapters/info.go:125.2,125.22 1 1
github.com/prebid/prebid-server/adapters/info.go:118.33,119.28 1 1
github.com/prebid/prebid-server/adapters/info.go:119.28,121.4 1 1
github.com/prebid/prebid-server/adapters/info.go:121.9,123.4 1 1
github.com/prebid/prebid-server/adapters/info.go:133.85,135.37 2 1
github.com/prebid/prebid-server/adapters/info.go:148.2,148.20 1 1
github.com/prebid/prebid-server/adapters/info.go:135.37,138.17 3 1
github.com/prebid/prebid-server/adapters/info.go:142.3,143.63 2 1
github.com/prebid/prebid-server/adapters/info.go:146.3,146.41 1 1
github.com/prebid/prebid-server/adapters/info.go:138.17,140.4 1 0
github.com/prebid/prebid-server/adapters/info.go:143.63,145.4 1 0
github.com/prebid/prebid-server/adapters/info.go:151.76,153.2 1 1
github.com/prebid/prebid-server/adapters/info.go:155.77,157.2 1 1
github.com/prebid/prebid-server/adapters/info.go:159.114,161.2 1 1
github.com/prebid/prebid-server/adapters/info.go:163.114,165.2 1 1
github.com/prebid/prebid-server/adapters/info.go:186.89,187.37 1 1
github.com/prebid/prebid-server/adapters/info.go:192.2,192.14 1 1
github.com/prebid/prebid-server/adapters/info.go:187.37,188.28 1 1
github.com/prebid/prebid-server/adapters/info.go:188.28,190.4 1 1
github.com/prebid/prebid-server/adapters/info.go:209.56,211.34 2 1
github.com/prebid/prebid-server/adapters/info.go:215.2,215.35 1 1
github.com/prebid/prebid-server/adapters/info.go:219.2,219.19 1 1
github.com/prebid/prebid-server/adapters/info.go:211.34,214.3 2 1
github.com/prebid/prebid-server/adapters/info.go:215.35,218.3 2 1
github.com/prebid/prebid-server/adapters/legacy.go:60.56,73.2 2 0
github.com/prebid/prebid-server/adapters/legacy.go:88.46,90.2 1 0
github.com/prebid/prebid-server/adapters/legacy.go:91.53,93.2 1 0
github.com/prebid/prebid-server/adapters/legacy.go:95.127,97.2 1 0
github.com/prebid/prebid-server/adapters/openrtb_util.go:12.24,13.11 1 1
github.com/prebid/prebid-server/adapters/openrtb_util.go:16.2,16.10 1 1
github.com/prebid/prebid-server/adapters/openrtb_util.go:13.11,15.3 1 1
github.com/prebid/prebid-server/adapters/openrtb_util.go:19.67,20.25 1 1
github.com/prebid/prebid-server/adapters/openrtb_util.go:25.2,25.14 1 1
github.com/prebid/prebid-server/adapters/openrtb_util.go:20.25,21.13 1 1
github.com/prebid/prebid-server/adapters/openrtb_util.go:21.13,23.4 1 1
github.com/prebid/prebid-server/adapters/openrtb_util.go:28.79,31.23 3 1
github.com/prebid/prebid-server/adapters/openrtb_util.go:37.2,37.16 1 1
github.com/prebid/prebid-server/adapters/openrtb_util.go:31.23,32.30 1 1
github.com/prebid/prebid-server/adapters/openrtb_util.go:32.30,35.4 2 1
github.com/prebid/prebid-server/adapters/openrtb_util.go:40.53,47.2 1 1
github.com/prebid/prebid-server/adapters/openrtb_util.go:49.51,51.31 1 1
github.com/prebid/prebid-server/adapters/openrtb_util.go:54.2,61.48 6 1
github.com/prebid/prebid-server/adapters/openrtb_util.go:64.2,73.3 1 1
github.com/prebid/prebid-server/adapters/openrtb_util.go:51.31,53.3 1 1
github.com/prebid/prebid-server/adapters/openrtb_util.go:61.48,63.3 1 1
github.com/prebid/prebid-server/adapters/openrtb_util.go:80.153,82.38 2 1
github.com/prebid/prebid-server/adapters/openrtb_util.go:115.2,115.19 1 1
github.com/prebid/prebid-server/adapters/openrtb_util.go:121.2,121.20 1 1
github.com/prebid/prebid-server/adapters/openrtb_util.go:137.2,141.21 4 1
github.com/prebid/prebid-server/adapters/openrtb_util.go:145.2,165.8 1 1
github.com/prebid/prebid-server/adapters/openrtb_util.go:82.38,83.27 1 1
github.com/prebid/prebid-server/adapters/openrtb_util.go:86.3,87.31 2 1
github.com/prebid/prebid-server/adapters/openrtb_util.go:91.3,96.40 2 1
github.com/prebid/prebid-server/adapters/openrtb_util.go:110.3,110.50 1 1
github.com/prebid/prebid-server/adapters/openrtb_util.go:83.27,84.12 1 1
github.com/prebid/prebid-server/adapters/openrtb_util.go:87.31,88.12 1 1
github.com/prebid/prebid-server/adapters/openrtb_util.go:96.40,97.17 1 1
github.com/prebid/prebid-server/adapters/openrtb_util.go:98.31,99.37 1 1
github.com/prebid/prebid-server/adapters/openrtb_util.go:100.30,103.28 2 1
github.com/prebid/prebid-server/adapters/openrtb_util.go:103.28,107.6 1 1
github.com/prebid/prebid-server/adapters/openrtb_util.go:110.50,112.4 1 1
github.com/prebid/prebid-server/adapters/openrtb_util.go:115.19,119.3 1 1
github.com/prebid/prebid-server/adapters/openrtb_util.go:121.20,135.3 1 1
github.com/prebid/prebid-server/adapters/openrtb_util.go:141.21,143.3 1 1
github.com/prebid/prebid-server/adapters/openrtb_util.go:168.59,170.34 2 1
github.com/prebid/prebid-server/adapters/openrtb_util.go:174.2,174.18 1 1
github.com/prebid/prebid-server/adapters/openrtb_util.go:170.34,173.3 2 1
github.com/prebid/prebid-server/adapters/syncer.go:11.115,13.42 2 0
github.com/prebid/prebid-server/adapters/syncer.go:18.2,18.25 1 0
github.com/prebid/prebid-server/adapters/syncer.go:13.42,14.33 1 0
github.com/prebid/prebid-server/adapters/syncer.go:14.33,16.4 1 0
github.com/prebid/prebid-server/adapters/syncer.go:28.111,35.2 1 0
github.com/prebid/prebid-server/adapters/syncer.go:44.95,49.16 2 0
github.com/prebid/prebid-server/adapters/syncer.go:53.2,57.8 1 0
github.com/prebid/prebid-server/adapters/syncer.go:49.16,51.3 1 0
github.com/prebid/prebid-server/adapters/syncer.go:60.38,62.2 1 0
github.com/prebid/prebid-server/adapters/syncer.go:64.40,66.2 1 0
github.com/prebid/prebid-server/adapters/adtelligent/adtelligent.go:22.143,28.33 4 1
github.com/prebid/prebid-server/adapters/adtelligent/adtelligent.go:45.2,46.20 2 1
github.com/prebid/prebid-server/adapters/adtelligent/adtelligent.go:50.2,59.43 7 1
github.com/prebid/prebid-server/adapters/adtelligent/adtelligent.go:80.2,80.20 1 1
github.com/prebid/prebid-server/adapters/adtelligent/adtelligent.go:84.2,84.21 1 1
github.com/prebid/prebid-server/adapters/adtelligent/adtelligent.go:28.33,32.17 2 1
github.com/prebid/prebid-server/adapters/adtelligent/adtelligent.go:37.3,37.41 1 1
github.com/prebid/prebid-server/adapters/adtelligent/adtelligent.go:41.3,41.57 1 1
github.com/prebid/prebid-server/adapters/adtelligent/adtelligent.go:32.17,34.12 2 1
github.com/prebid/prebid-server/adapters/adtelligent/adtelligent.go:37.41,39.4 1 1
github.com/prebid/prebid-server/adapters/adtelligent/adtelligent.go:46.20,48.3 1 1
github.com/prebid/prebid-server/adapters/adtelligent/adtelligent.go:59.43,62.36 2 1
github.com/prebid/prebid-server/adapters/adtelligent/adtelligent.go:66.3,67.17 2 1
github.com/prebid/prebid-server/adapters/adtelligent/adtelligent.go:72.3,77.5 1 1
github.com/prebid/prebid-server/adapters/adtelligent/adtelligent.go:62.36,64.4 1 1
github.com/prebid/prebid-server/adapters/adtelligent/adtelligent.go:67.17,70.4 2 0
github.com/prebid/prebid-server/adapters/adtelligent/adtelligent.go:80.20,82.3 1 0
github.com/prebid/prebid-server/adapters/adtelligent/adtelligent.go:88.165,90.48 1 1
github.com/prebid/prebid-server/adapters/adtelligent/adtelligent.go:94.2,95.63 2 1
github.com/prebid/prebid-server/adapters/adtelligent/adtelligent.go:101.2,105.37 4 1
github.com/prebid/prebid-server/adapters/adtelligent/adtelligent.go:138.2,138.28 1 1
github.com/prebid/prebid-server/adapters/adtelligent/adtelligent.go:90.48,92.3 1 1
github.com/prebid/prebid-server/adapters/adtelligent/adtelligent.go:95.63,99.3 1 0
github.com/prebid/prebid-server/adapters/adtelligent/adtelligent.go:105.37,106.36 1 1
github.com/prebid/prebid-server/adapters/adtelligent/adtelligent.go:106.36,112.35 4 1
github.com/prebid/prebid-server/adapters/adtelligent/adtelligent.go:124.4,124.14 1 1
github.com/prebid/prebid-server/adapters/adtelligent/adtelligent.go:131.4,134.6 1 1
github.com/prebid/prebid-server/adapters/adtelligent/adtelligent.go:112.35,113.28 1 1
github.com/prebid/prebid-server/adapters/adtelligent/adtelligent.go:113.28,117.26 2 1
github.com/prebid/prebid-server/adapters/adtelligent/adtelligent.go:117.26,119.12 2 1
github.com/prebid/prebid-server/adapters/adtelligent/adtelligent.go:124.14,128.13 2 1
github.com/prebid/prebid-server/adapters/adtelligent/adtelligent.go:141.56,143.43 1 1
github.com/prebid/prebid-server/adapters/adtelligent/adtelligent.go:149.2,149.23 1 1
github.com/prebid/prebid-server/adapters/adtelligent/adtelligent.go:155.2,157.60 2 1
github.com/prebid/prebid-server/adapters/adtelligent/adtelligent.go:163.2,165.16 3 1
github.com/prebid/prebid-server/adapters/adtelligent/adtelligent.go:172.2,178.25 3 1
github.com/prebid/prebid-server/adapters/adtelligent/adtelligent.go:182.2,184.29 2 1
github.com/prebid/prebid-server/adapters/adtelligent/adtelligent.go:143.43,147.3 1 1
github.com/prebid/prebid-server/adapters/adtelligent/adtelligent.go:149.23,153.3 1 0
github.com/prebid/prebid-server/adapters/adtelligent/adtelligent.go:157.60,161.3 1 0
github.com/prebid/prebid-server/adapters/adtelligent/adtelligent.go:165.16,169.3 1 1
github.com/prebid/prebid-server/adapters/adtelligent/adtelligent.go:178.25,180.3 1 1
github.com/prebid/prebid-server/adapters/adtelligent/adtelligent.go:187.64,191.2 1 1
github.com/prebid/prebid-server/adapters/adtelligent/usersync.go:10.72,12.2 1 1
github.com/prebid/prebid-server/adapters/audienceNetwork/usersync.go:10.69,12.2 1 1
github.com/prebid/prebid-server/adapters/audienceNetwork/facebook.go:36.41,38.2 1 1
github.com/prebid/prebid-server/adapters/audienceNetwork/facebook.go:41.47,43.2 1 0
github.com/prebid/prebid-server/adapters/audienceNetwork/facebook.go:45.48,47.2 1 0
github.com/prebid/prebid-server/adapters/audienceNetwork/facebook.go:53.22,55.2 1 1
github.com/prebid/prebid-server/adapters/audienceNetwork/facebook.go:57.121,59.16 2 1
github.com/prebid/prebid-server/adapters/audienceNetwork/facebook.go:63.2,68.14 5 1
github.com/prebid/prebid-server/adapters/audienceNetwork/facebook.go:73.2,79.48 5 1
github.com/prebid/prebid-server/adapters/audienceNetwork/facebook.go:86.2,86.47 1 1
github.com/prebid/prebid-server/adapters/audienceNetwork/facebook.go:90.2,90.40 1 1
github.com/prebid/prebid-server/adapters/audienceNetwork/facebook.go:97.2,99.16 3 1
github.com/prebid/prebid-server/adapters/audienceNetwork/facebook.go:105.2,105.31 1 1
github.com/prebid/prebid-server/adapters/audienceNetwork/facebook.go:108.2,108.38 1 1
github.com/prebid/prebid-server/adapters/audienceNetwork/facebook.go:111.2,119.8 3 1
github.com/prebid/prebid-server/adapters/audienceNetwork/facebook.go:59.16,62.3 1 1
github.com/prebid/prebid-server/adapters/audienceNetwork/facebook.go:68.14,71.3 2 1
github.com/prebid/prebid-server/adapters/audienceNetwork/facebook.go:79.48,84.3 2 0
github.com/prebid/prebid-server/adapters/audienceNetwork/facebook.go:86.47,88.3 1 0
github.com/prebid/prebid-server/adapters/audienceNetwork/facebook.go:90.40,95.3 2 0
github.com/prebid/prebid-server/adapters/audienceNetwork/facebook.go:99.16,104.3 2 0
github.com/prebid/prebid-server/adapters/audienceNetwork/facebook.go:105.31,107.3 1 0
github.com/prebid/prebid-server/adapters/audienceNetwork/facebook.go:108.38,110.3 1 0
github.com/prebid/prebid-server/adapters/audienceNetwork/facebook.go:122.189,126.16 2 1
github.com/prebid/prebid-server/adapters/audienceNetwork/facebook.go:130.2,132.44 2 1
github.com/prebid/prebid-server/adapters/audienceNetwork/facebook.go:126.16,128.3 1 1
github.com/prebid/prebid-server/adapters/audienceNetwork/facebook.go:132.44,136.24 2 1
github.com/prebid/prebid-server/adapters/audienceNetwork/facebook.go:141.3,141.23 1 1
github.com/prebid/prebid-server/adapters/audienceNetwork/facebook.go:146.3,149.60 2 1
github.com/prebid/prebid-server/adapters/audienceNetwork/facebook.go:154.3,154.60 1 1
github.com/prebid/prebid-server/adapters/audienceNetwork/facebook.go:165.3,165.20 1 1
github.com/prebid/prebid-server/adapters/audienceNetwork/facebook.go:136.24,140.4 3 1
github.com/prebid/prebid-server/adapters/audienceNetwork/facebook.go:141.23,145.4 3 0
github.com/prebid/prebid-server/adapters/audienceNetwork/facebook.go:149.60,152.4 2 1
github.com/prebid/prebid-server/adapters/audienceNetwork/facebook.go:154.60,155.48 1 1
github.com/prebid/prebid-server/adapters/audienceNetwork/facebook.go:161.4,161.69 1 1
github.com/prebid/prebid-server/adapters/audienceNetwork/facebook.go:155.48,159.5 1 1
github.com/prebid/prebid-server/adapters/audienceNetwork/facebook.go:161.69,163.5 1 1
github.com/prebid/prebid-server/adapters/audienceNetwork/facebook.go:166.8,170.3 1 0
github.com/prebid/prebid-server/adapters/audienceNetwork/facebook.go:173.130,176.38 3 1
github.com/prebid/prebid-server/adapters/audienceNetwork/facebook.go:211.2,211.33 1 1
github.com/prebid/prebid-server/adapters/audienceNetwork/facebook.go:176.38,179.17 3 1
github.com/prebid/prebid-server/adapters/audienceNetwork/facebook.go:182.3,182.31 1 1
github.com/prebid/prebid-server/adapters/audienceNetwork/facebook.go:187.3,188.18 2 1
github.com/prebid/prebid-server/adapters/audienceNetwork/facebook.go:193.3,197.17 3 1
github.com/prebid/prebid-server/adapters/audienceNetwork/facebook.go:203.3,204.17 2 1
github.com/prebid/prebid-server/adapters/audienceNetwork/facebook.go:179.17,181.4 1 0
github.com/prebid/prebid-server/adapters/audienceNetwork/facebook.go:182.31,186.4 1 0
github.com/prebid/prebid-server/adapters/audienceNetwork/facebook.go:188.18,192.4 1 0
github.com/prebid/prebid-server/adapters/audienceNetwork/facebook.go:197.17,200.4 2 1
github.com/prebid/prebid-server/adapters/audienceNetwork/facebook.go:204.17,208.4 2 0
github.com/prebid/prebid-server/adapters/audienceNetwork/facebook.go:214.122,217.14 2 1
github.com/prebid/prebid-server/adapters/audienceNetwork/facebook.go:221.2,222.43 2 1
github.com/prebid/prebid-server/adapters/audienceNetwork/facebook.go:229.2,231.26 2 1
github.com/prebid/prebid-server/adapters/audienceNetwork/facebook.go:254.2,257.37 3 1
github.com/prebid/prebid-server/adapters/audienceNetwork/facebook.go:276.2,276.20 1 1
github.com/prebid/prebid-server/adapters/audienceNetwork/facebook.go:279.2,279.18 1 1
github.com/prebid/prebid-server/adapters/audienceNetwork/facebook.go:217.14,219.3 1 0
github.com/prebid/prebid-server/adapters/audienceNetwork/facebook.go:222.43,224.15 2 1
github.com/prebid/prebid-server/adapters/audienceNetwork/facebook.go:224.15,226.4 1 0
github.com/prebid/prebid-server/adapters/audienceNetwork/facebook.go:231.26,232.56 1 1
github.com/prebid/prebid-server/adapters/audienceNetwork/facebook.go:232.56,235.25 3 1
github.com/prebid/prebid-server/adapters/audienceNetwork/facebook.go:250.4,250.16 1 1
github.com/prebid/prebid-server/adapters/audienceNetwork/facebook.go:235.25,238.20 3 1
github.com/prebid/prebid-server/adapters/audienceNetwork/facebook.go:242.5,243.31 2 1
github.com/prebid/prebid-server/adapters/audienceNetwork/facebook.go:238.20,241.6 2 1
github.com/prebid/prebid-server/adapters/audienceNetwork/facebook.go:243.31,248.6 2 0
github.com/prebid/prebid-server/adapters/audienceNetwork/facebook.go:257.37,259.24 2 1
github.com/prebid/prebid-server/adapters/audienceNetwork/facebook.go:262.3,262.18 1 1
github.com/prebid/prebid-server/adapters/audienceNetwork/facebook.go:271.3,271.26 1 1
github.com/prebid/prebid-server/adapters/audienceNetwork/facebook.go:259.24,261.4 1 1
github.com/prebid/prebid-server/adapters/audienceNetwork/facebook.go:262.18,270.4 2 0
github.com/prebid/prebid-server/adapters/audienceNetwork/facebook.go:271.26,273.4 1 1
github.com/prebid/prebid-server/adapters/audienceNetwork/facebook.go:276.20,278.3 1 0
github.com/prebid/prebid-server/adapters/audienceNetwork/facebook.go:282.100,283.21 1 0
github.com/prebid/prebid-server/adapters/audienceNetwork/facebook.go:290.2,290.46 1 0
github.com/prebid/prebid-server/adapters/audienceNetwork/facebook.go:283.21,289.3 2 0
github.com/prebid/prebid-server/adapters/audienceNetwork/facebook.go:293.96,303.2 2 1
github.com/prebid/prebid-server/adapters/33across/33across.go:28.135,33.23 4 1
github.com/prebid/prebid-server/adapters/33across/33across.go:36.2,38.32 2 1
github.com/prebid/prebid-server/adapters/33across/33across.go:33.23,35.3 1 1
github.com/prebid/prebid-server/adapters/33across/33across.go:43.96,48.45 3 1
github.com/prebid/prebid-server/adapters/33across/33across.go:53.2,54.16 2 1
github.com/prebid/prebid-server/adapters/33across/33across.go:59.2,67.9 3 1
github.com/prebid/prebid-server/adapters/33across/33across.go:48.45,50.3 1 0
github.com/prebid/prebid-server/adapters/33across/33across.go:54.16,57.3 2 0
github.com/prebid/prebid-server/adapters/33across/33across.go:71.52,74.60 3 1
github.com/prebid/prebid-server/adapters/33across/33across.go:80.2,81.66 2 1
github.com/prebid/prebid-server/adapters/33across/33across.go:87.2,91.28 3 1
github.com/prebid/prebid-server/adapters/33across/33across.go:95.2,96.16 2 1
github.com/prebid/prebid-server/adapters/33across/33across.go:102.2,107.12 5 1
github.com/prebid/prebid-server/adapters/33across/33across.go:74.60,78.3 1 0
github.com/prebid/prebid-server/adapters/33across/33across.go:81.66,85.3 1 0
github.com/prebid/prebid-server/adapters/33across/33across.go:91.28,93.3 1 1
github.com/prebid/prebid-server/adapters/33across/33across.go:96.16,100.3 1 0
github.com/prebid/prebid-server/adapters/33across/33across.go:111.176,112.49 1 1
github.com/prebid/prebid-server/adapters/33across/33across.go:116.2,116.50 1 1
github.com/prebid/prebid-server/adapters/33across/33across.go:122.2,122.42 1 1
github.com/prebid/prebid-server/adapters/33across/33across.go:128.2,130.64 2 1
github.com/prebid/prebid-server/adapters/33across/33across.go:134.2,136.37 2 1
github.com/prebid/prebid-server/adapters/33across/33across.go:144.2,144.25 1 1
github.com/prebid/prebid-server/adapters/33across/33across.go:112.49,114.3 1 1
github.com/prebid/prebid-server/adapters/33across/33across.go:116.50,120.3 1 0
github.com/prebid/prebid-server/adapters/33across/33across.go:122.42,126.3 1 0
github.com/prebid/prebid-server/adapters/33across/33across.go:130.64,132.3 1 0
github.com/prebid/prebid-server/adapters/33across/33across.go:136.37,137.25 1 1
github.com/prebid/prebid-server/adapters/33across/33across.go:137.25,142.4 1 1
github.com/prebid/prebid-server/adapters/33across/33across.go:148.53,152.2 1 1
github.com/prebid/prebid-server/adapters/33across/usersync.go:10.69,12.2 1 1
github.com/prebid/prebid-server/adapters/adform/adform.go:83.56,88.2 3 1
github.com/prebid/prebid-server/adapters/adform/adform.go:92.94,94.2 1 1
github.com/prebid/prebid-server/adapters/adform/adform.go:97.39,99.2 1 1
github.com/prebid/prebid-server/adapters/adform/adform.go:101.46,103.2 1 1
github.com/prebid/prebid-server/adapters/adform/adform.go:105.124,107.16 2 1
github.com/prebid/prebid-server/adapters/adform/adform.go:111.2,114.21 3 1
github.com/prebid/prebid-server/adapters/adform/adform.go:118.2,119.16 2 1
github.com/prebid/prebid-server/adapters/adform/adform.go:123.2,126.16 3 1
github.com/prebid/prebid-server/adapters/adform/adform.go:130.2,132.32 2 1
github.com/prebid/prebid-server/adapters/adform/adform.go:136.2,138.16 3 1
github.com/prebid/prebid-server/adapters/adform/adform.go:141.2,143.50 2 1
github.com/prebid/prebid-server/adapters/adform/adform.go:149.2,149.32 1 1
github.com/prebid/prebid-server/adapters/adform/adform.go:155.2,155.21 1 1
github.com/prebid/prebid-server/adapters/adform/adform.go:159.2,160.16 2 1
github.com/prebid/prebid-server/adapters/adform/adform.go:164.2,166.18 2 1
github.com/prebid/prebid-server/adapters/adform/adform.go:107.16,109.3 1 0
github.com/prebid/prebid-server/adapters/adform/adform.go:114.21,116.3 1 0
github.com/prebid/prebid-server/adapters/adform/adform.go:119.16,121.3 1 0
github.com/prebid/prebid-server/adapters/adform/adform.go:126.16,128.3 1 1
github.com/prebid/prebid-server/adapters/adform/adform.go:132.32,134.3 1 0
github.com/prebid/prebid-server/adapters/adform/adform.go:138.16,140.3 1 0
github.com/prebid/prebid-server/adapters/adform/adform.go:143.50,147.3 1 0
github.com/prebid/prebid-server/adapters/adform/adform.go:149.32,153.3 1 0
github.com/prebid/prebid-server/adapters/adform/adform.go:155.21,157.3 1 0
github.com/prebid/prebid-server/adapters/adform/adform.go:160.16,162.3 1 0
github.com/prebid/prebid-server/adapters/adform/adform.go:169.122,171.40 2 1
github.com/prebid/prebid-server/adapters/adform/adform.go:192.2,195.46 3 1
github.com/prebid/prebid-server/adapters/adform/adform.go:198.2,200.25 3 1
github.com/prebid/prebid-server/adapters/adform/adform.go:207.2,208.26 2 1
github.com/prebid/prebid-server/adapters/adform/adform.go:218.2,232.8 1 1
github.com/prebid/prebid-server/adapters/adform/adform.go:171.40,173.70 2 1
github.com/prebid/prebid-server/adapters/adform/adform.go:176.3,177.17 2 1
github.com/prebid/prebid-server/adapters/adform/adform.go:182.3,182.15 1 1
github.com/prebid/prebid-server/adapters/adform/adform.go:187.3,189.43 3 1
github.com/prebid/prebid-server/adapters/adform/adform.go:173.70,175.4 1 0
github.com/prebid/prebid-server/adapters/adform/adform.go:177.17,181.4 1 0
github.com/prebid/prebid-server/adapters/adform/adform.go:182.15,186.4 1 0
github.com/prebid/prebid-server/adapters/adform/adform.go:195.46,197.3 1 0
github.com/prebid/prebid-server/adapters/adform/adform.go:200.25,202.68 2 1
github.com/prebid/prebid-server/adapters/adform/adform.go:202.68,204.4 1 1
github.com/prebid/prebid-server/adapters/adform/adform.go:208.26,216.3 5 1
github.com/prebid/prebid-server/adapters/adform/adform.go:235.79,238.33 2 1
github.com/prebid/prebid-server/adapters/adform/adform.go:258.2,258.13 1 1
github.com/prebid/prebid-server/adapters/adform/adform.go:238.33,239.55 1 1
github.com/prebid/prebid-server/adapters/adform/adform.go:242.3,255.31 2 1
github.com/prebid/prebid-server/adapters/adform/adform.go:239.55,240.12 1 1
github.com/prebid/prebid-server/adapters/adform/adform.go:263.65,266.27 2 1
github.com/prebid/prebid-server/adapters/adform/adform.go:269.2,276.21 7 1
github.com/prebid/prebid-server/adapters/adform/adform.go:280.2,287.16 6 1
github.com/prebid/prebid-server/adapters/adform/adform.go:291.2,292.35 2 1
github.com/prebid/prebid-server/adapters/adform/adform.go:304.2,304.68 1 1
github.com/prebid/prebid-server/adapters/adform/adform.go:266.27,268.3 1 1
github.com/prebid/prebid-server/adapters/adform/adform.go:276.21,278.3 1 1
github.com/prebid/prebid-server/adapters/adform/adform.go:287.16,289.3 1 1
github.com/prebid/prebid-server/adapters/adform/adform.go:292.35,295.29 3 1
github.com/prebid/prebid-server/adapters/adform/adform.go:298.3,298.28 1 1
github.com/prebid/prebid-server/adapters/adform/adform.go:301.3,301.121 1 1
github.com/prebid/prebid-server/adapters/adform/adform.go:295.29,297.4 1 1
github.com/prebid/prebid-server/adapters/adform/adform.go:298.28,300.4 1 1
github.com/prebid/prebid-server/adapters/adform/adform.go:307.65,311.33 4 1
github.com/prebid/prebid-server/adapters/adform/adform.go:322.2,322.11 1 1
github.com/prebid/prebid-server/adapters/adform/adform.go:325.2,325.27 1 1
github.com/prebid/prebid-server/adapters/adform/adform.go:311.33,313.8 2 1
github.com/prebid/prebid-server/adapters/adform/adform.go:313.8,315.28 2 1
github.com/prebid/prebid-server/adapters/adform/adform.go:315.28,317.10 2 1
github.com/prebid/prebid-server/adapters/adform/adform.go:322.11,324.3 1 1
github.com/prebid/prebid-server/adapters/adform/adform.go:328.74,336.21 7 1
github.com/prebid/prebid-server/adapters/adform/adform.go:340.2,341.20 2 1
github.com/prebid/prebid-server/adapters/adform/adform.go:344.2,344.24 1 1
github.com/prebid/prebid-server/adapters/adform/adform.go:351.2,353.15 2 1
github.com/prebid/prebid-server/adapters/adform/adform.go:336.21,338.3 1 1
github.com/prebid/prebid-server/adapters/adform/adform.go:341.20,343.3 1 1
github.com/prebid/prebid-server/adapters/adform/adform.go:344.24,345.67 1 1
github.com/prebid/prebid-server/adapters/adform/adform.go:345.67,349.4 2 1
github.com/prebid/prebid-server/adapters/adform/adform.go:356.61,358.56 2 1
github.com/prebid/prebid-server/adapters/adform/adform.go:364.2,364.18 1 1
github.com/prebid/prebid-server/adapters/adform/adform.go:358.56,362.3 1 1
github.com/prebid/prebid-server/adapters/adform/adform.go:369.78,373.16 4 1
github.com/prebid/prebid-server/adapters/adform/adform.go:377.2,381.3 1 1
github.com/prebid/prebid-server/adapters/adform/adform.go:373.16,374.103 1 0
github.com/prebid/prebid-server/adapters/adform/adform.go:384.138,386.37 2 1
github.com/prebid/prebid-server/adapters/adform/adform.go:390.2,399.25 3 1
github.com/prebid/prebid-server/adapters/adform/adform.go:386.37,388.3 1 1
github.com/prebid/prebid-server/adapters/adform/adform.go:402.84,406.34 4 1
github.com/prebid/prebid-server/adapters/adform/adform.go:445.2,446.25 2 1
github.com/prebid/prebid-server/adapters/adform/adform.go:450.2,451.27 2 1
github.com/prebid/prebid-server/adapters/adform/adform.go:455.2,457.25 3 1
github.com/prebid/prebid-server/adapters/adform/adform.go:468.2,470.25 3 1
github.com/prebid/prebid-server/adapters/adform/adform.go:478.2,479.26 2 1
github.com/prebid/prebid-server/adapters/adform/adform.go:489.2,490.27 2 1
github.com/prebid/prebid-server/adapters/adform/adform.go:503.2,516.11 1 1
github.com/prebid/prebid-server/adapters/adform/adform.go:406.34,408.17 2 1
github.com/prebid/prebid-server/adapters/adform/adform.go:414.3,415.63 2 1
github.com/prebid/prebid-server/adapters/adform/adform.go:422.3,423.17 2 1
github.com/prebid/prebid-server/adapters/adform/adform.go:429.3,429.15 1 1
github.com/prebid/prebid-server/adapters/adform/adform.go:436.3,436.55 1 1
github.com/prebid/prebid-server/adapters/adform/adform.go:440.3,442.43 3 1
github.com/prebid/prebid-server/adapters/adform/adform.go:408.17,412.12 2 1
github.com/prebid/prebid-server/adapters/adform/adform.go:415.63,419.12 2 1
github.com/prebid/prebid-server/adapters/adform/adform.go:423.17,427.12 2 1
github.com/prebid/prebid-server/adapters/adform/adform.go:429.15,433.12 2 1
github.com/prebid/prebid-server/adapters/adform/adform.go:436.55,438.4 1 1
github.com/prebid/prebid-server/adapters/adform/adform.go:446.25,448.3 1 1
github.com/prebid/prebid-server/adapters/adform/adform.go:451.27,453.3 1 1
github.com/prebid/prebid-server/adapters/adform/adform.go:457.25,458.68 1 1
github.com/prebid/prebid-server/adapters/adform/adform.go:463.3,463.72 1 1
github.com/prebid/prebid-server/adapters/adform/adform.go:458.68,462.4 1 0
github.com/prebid/prebid-server/adapters/adform/adform.go:463.72,465.4 1 1
github.com/prebid/prebid-server/adapters/adform/adform.go:470.25,472.68 2 1
github.com/prebid/prebid-server/adapters/adform/adform.go:472.68,475.4 2 1
github.com/prebid/prebid-server/adapters/adform/adform.go:479.26,487.3 5 1
github.com/prebid/prebid-server/adapters/adform/adform.go:490.27,492.33 2 1
github.com/prebid/prebid-server/adapters/adform/adform.go:498.3,498.26 1 1
github.com/prebid/prebid-server/adapters/adform/adform.go:492.33,493.28 1 1
github.com/prebid/prebid-server/adapters/adform/adform.go:493.28,495.10 2 0
github.com/prebid/prebid-server/adapters/adform/adform.go:498.26,500.4 1 1
github.com/prebid/prebid-server/adapters/adform/adform.go:519.49,520.19 1 1
github.com/prebid/prebid-server/adapters/adform/adform.go:523.2,523.18 1 1
github.com/prebid/prebid-server/adapters/adform/adform.go:520.19,522.3 1 1
github.com/prebid/prebid-server/adapters/adform/adform.go:526.50,527.19 1 1
github.com/prebid/prebid-server/adapters/adform/adform.go:530.2,530.19 1 1
github.com/prebid/prebid-server/adapters/adform/adform.go:527.19,529.3 1 1
github.com/prebid/prebid-server/adapters/adform/adform.go:533.49,534.19 1 1
github.com/prebid/prebid-server/adapters/adform/adform.go:537.2,537.18 1 1
github.com/prebid/prebid-server/adapters/adform/adform.go:534.19,536.3 1 1
github.com/prebid/prebid-server/adapters/adform/adform.go:540.51,541.17 1 1
github.com/prebid/prebid-server/adapters/adform/adform.go:544.2,544.22 1 1
github.com/prebid/prebid-server/adapters/adform/adform.go:541.17,543.3 1 0
github.com/prebid/prebid-server/adapters/adform/adform.go:547.179,548.49 1 1
github.com/prebid/prebid-server/adapters/adform/adform.go:552.2,552.50 1 1
github.com/prebid/prebid-server/adapters/adform/adform.go:558.2,558.42 1 1
github.com/prebid/prebid-server/adapters/adform/adform.go:564.2,565.16 2 1
github.com/prebid/prebid-server/adapters/adform/adform.go:569.2,571.25 2 1
github.com/prebid/prebid-server/adapters/adform/adform.go:548.49,550.3 1 1
github.com/prebid/prebid-server/adapters/adform/adform.go:552.50,556.3 1 0
github.com/prebid/prebid-server/adapters/adform/adform.go:558.42,562.3 1 1
github.com/prebid/prebid-server/adapters/adform/adform.go:565.16,567.3 1 1
github.com/prebid/prebid-server/adapters/adform/adform.go:574.100,578.25 3 1
github.com/prebid/prebid-server/adapters/adform/adform.go:582.2,582.33 1 1
github.com/prebid/prebid-server/adapters/adform/adform.go:601.2,603.20 2 1
github.com/prebid/prebid-server/adapters/adform/adform.go:578.25,580.3 1 1
github.com/prebid/prebid-server/adapters/adform/adform.go:582.33,583.55 1 1
github.com/prebid/prebid-server/adapters/adform/adform.go:586.3,598.26 3 1
github.com/prebid/prebid-server/adapters/adform/adform.go:583.55,584.12 1 1
github.com/prebid/prebid-server/adapters/adform/usersync.go:10.67,12.2 1 1
github.com/prebid/prebid-server/adapters/advangelists/advangelists.go:22.150,24.27 2 1
github.com/prebid/prebid-server/adapters/advangelists/advangelists.go:28.2,29.20 2 1
github.com/prebid/prebid-server/adapters/advangelists/advangelists.go:32.2,36.31 4 1
github.com/prebid/prebid-server/adapters/advangelists/advangelists.go:40.2,41.39 2 1
github.com/prebid/prebid-server/adapters/advangelists/advangelists.go:50.2,50.21 1 1
github.com/prebid/prebid-server/adapters/advangelists/advangelists.go:24.27,27.3 2 0
github.com/prebid/prebid-server/adapters/advangelists/advangelists.go:29.20,31.3 1 0
github.com/prebid/prebid-server/adapters/advangelists/advangelists.go:36.31,38.3 1 0
github.com/prebid/prebid-server/adapters/advangelists/advangelists.go:41.39,43.17 2 1
github.com/prebid/prebid-server/adapters/advangelists/advangelists.go:43.17,46.4 2 0
github.com/prebid/prebid-server/adapters/advangelists/advangelists.go:46.9,48.4 1 1
github.com/prebid/prebid-server/adapters/advangelists/advangelists.go:54.104,59.27 4 1
github.com/prebid/prebid-server/adapters/advangelists/advangelists.go:73.2,73.36 1 1
github.com/prebid/prebid-server/adapters/advangelists/advangelists.go:59.27,61.17 2 1
github.com/prebid/prebid-server/adapters/advangelists/advangelists.go:65.3,65.58 1 1
github.com/prebid/prebid-server/adapters/advangelists/advangelists.go:69.3,70.43 2 1
github.com/prebid/prebid-server/adapters/advangelists/advangelists.go:61.17,63.12 2 0
github.com/prebid/prebid-server/adapters/advangelists/advangelists.go:65.58,67.12 2 0
github.com/prebid/prebid-server/adapters/advangelists/advangelists.go:76.89,77.30 1 1
github.com/prebid/prebid-server/adapters/advangelists/advangelists.go:80.2,80.12 1 1
github.com/prebid/prebid-server/adapters/advangelists/advangelists.go:77.30,79.3 1 0
github.com/prebid/prebid-server/adapters/advangelists/advangelists.go:84.148,87.29 3 1
github.com/prebid/prebid-server/adapters/advangelists/advangelists.go:100.2,100.20 1 1
github.com/prebid/prebid-server/adapters/advangelists/advangelists.go:87.29,89.17 2 1
github.com/prebid/prebid-server/adapters/advangelists/advangelists.go:93.3,94.25 2 1
github.com/prebid/prebid-server/adapters/advangelists/advangelists.go:97.3,97.41 1 1
github.com/prebid/prebid-server/adapters/advangelists/advangelists.go:89.17,91.12 2 0
github.com/prebid/prebid-server/adapters/advangelists/advangelists.go:94.25,96.4 1 1
github.com/prebid/prebid-server/adapters/advangelists/advangelists.go:104.47,106.23 2 1
github.com/prebid/prebid-server/adapters/advangelists/advangelists.go:109.2,109.12 1 1
github.com/prebid/prebid-server/adapters/advangelists/advangelists.go:106.23,108.3 1 1
github.com/prebid/prebid-server/adapters/advangelists/advangelists.go:112.53,117.40 3 1
github.com/prebid/prebid-server/adapters/advangelists/advangelists.go:127.2,127.12 1 1
github.com/prebid/prebid-server/adapters/advangelists/advangelists.go:117.40,118.30 1 0
github.com/prebid/prebid-server/adapters/advangelists/advangelists.go:121.3,125.22 5 0
github.com/prebid/prebid-server/adapters/advangelists/advangelists.go:118.30,120.4 1 0
github.com/prebid/prebid-server/adapters/advangelists/advangelists.go:130.82,132.60 2 1
github.com/prebid/prebid-server/adapters/advangelists/advangelists.go:137.2,138.75 2 1
github.com/prebid/prebid-server/adapters/advangelists/advangelists.go:143.2,143.30 1 1
github.com/prebid/prebid-server/adapters/advangelists/advangelists.go:132.60,136.3 1 0
github.com/prebid/prebid-server/adapters/advangelists/advangelists.go:138.75,142.3 1 0
github.com/prebid/prebid-server/adapters/advangelists/advangelists.go:146.186,149.16 3 1
github.com/prebid/prebid-server/adapters/advangelists/advangelists.go:153.2,159.16 6 1
github.com/prebid/prebid-server/adapters/advangelists/advangelists.go:163.2,167.25 1 1
github.com/prebid/prebid-server/adapters/advangelists/advangelists.go:149.16,151.3 1 0
github.com/prebid/prebid-server/adapters/advangelists/advangelists.go:159.16,161.3 1 0
github.com/prebid/prebid-server/adapters/advangelists/advangelists.go:170.141,173.34 3 1
github.com/prebid/prebid-server/adapters/advangelists/advangelists.go:177.2,177.28 1 1
github.com/prebid/prebid-server/adapters/advangelists/advangelists.go:184.2,184.27 1 1
github.com/prebid/prebid-server/adapters/advangelists/advangelists.go:190.2,190.20 1 1
github.com/prebid/prebid-server/adapters/advangelists/advangelists.go:173.34,176.3 2 1
github.com/prebid/prebid-server/adapters/advangelists/advangelists.go:177.28,183.3 4 0
github.com/prebid/prebid-server/adapters/advangelists/advangelists.go:184.27,189.3 3 0
github.com/prebid/prebid-server/adapters/advangelists/advangelists.go:194.110,197.2 2 1
github.com/prebid/prebid-server/adapters/advangelists/advangelists.go:200.191,202.49 2 1
github.com/prebid/prebid-server/adapters/advangelists/advangelists.go:205.2,205.42 1 1
github.com/prebid/prebid-server/adapters/advangelists/advangelists.go:209.2,210.64 2 1
github.com/prebid/prebid-server/adapters/advangelists/advangelists.go:214.2,214.31 1 1
github.com/prebid/prebid-server/adapters/advangelists/advangelists.go:219.2,222.40 3 1
github.com/prebid/prebid-server/adapters/advangelists/advangelists.go:229.2,229.25 1 1
github.com/prebid/prebid-server/adapters/advangelists/advangelists.go:202.49,204.3 1 0
github.com/prebid/prebid-server/adapters/advangelists/advangelists.go:205.42,208.3 2 0
github.com/prebid/prebid-server/adapters/advangelists/advangelists.go:210.64,213.3 2 0
github.com/prebid/prebid-server/adapters/advangelists/advangelists.go:214.31,217.3 2 0
github.com/prebid/prebid-server/adapters/advangelists/advangelists.go:222.40,228.3 2 1
github.com/prebid/prebid-server/adapters/advangelists/advangelists.go:233.81,234.27 1 1
github.com/prebid/prebid-server/adapters/advangelists/advangelists.go:239.2,239.34 1 1
github.com/prebid/prebid-server/adapters/advangelists/advangelists.go:234.27,235.42 1 1
github.com/prebid/prebid-server/adapters/advangelists/advangelists.go:235.42,237.4 1 1
github.com/prebid/prebid-server/adapters/advangelists/advangelists.go:243.69,245.16 2 1
github.com/prebid/prebid-server/adapters/advangelists/advangelists.go:249.2,249.58 1 1
github.com/prebid/prebid-server/adapters/advangelists/advangelists.go:245.16,248.3 2 0
github.com/prebid/prebid-server/adapters/advangelists/usersync.go:10.73,12.2 1 1
github.com/prebid/prebid-server/adapters/conversant/conversant.go:24.43,26.2 1 1
github.com/prebid/prebid-server/adapters/conversant/conversant.go:29.50,31.2 1 1
github.com/prebid/prebid-server/adapters/conversant/conversant.go:46.124,50.16 3 1
github.com/prebid/prebid-server/adapters/conversant/conversant.go:57.2,58.31 2 1
github.com/prebid/prebid-server/adapters/conversant/conversant.go:64.2,64.38 1 1
github.com/prebid/prebid-server/adapters/conversant/conversant.go:148.2,148.50 1 1
github.com/prebid/prebid-server/adapters/conversant/conversant.go:154.2,154.48 1 1
github.com/prebid/prebid-server/adapters/conversant/conversant.go:162.2,166.27 2 1
github.com/prebid/prebid-server/adapters/conversant/conversant.go:172.2,174.17 2 1
github.com/prebid/prebid-server/adapters/conversant/conversant.go:179.2,184.16 5 1
github.com/prebid/prebid-server/adapters/conversant/conversant.go:188.2,190.17 2 1
github.com/prebid/prebid-server/adapters/conversant/conversant.go:194.2,194.28 1 1
github.com/prebid/prebid-server/adapters/conversant/conversant.go:198.2,200.16 2 1
github.com/prebid/prebid-server/adapters/conversant/conversant.go:204.2,204.46 1 1
github.com/prebid/prebid-server/adapters/conversant/conversant.go:210.2,210.28 1 1
github.com/prebid/prebid-server/adapters/conversant/conversant.go:216.2,216.17 1 1
github.com/prebid/prebid-server/adapters/conversant/conversant.go:220.2,223.16 3 1
github.com/prebid/prebid-server/adapters/conversant/conversant.go:229.2,231.42 2 1
github.com/prebid/prebid-server/adapters/conversant/conversant.go:277.2,277.20 1 1
github.com/prebid/prebid-server/adapters/conversant/conversant.go:281.2,281.18 1 1
github.com/prebid/prebid-server/adapters/conversant/conversant.go:50.16,52.3 1 1
github.com/prebid/prebid-server/adapters/conversant/conversant.go:58.31,60.3 1 1
github.com/prebid/prebid-server/adapters/conversant/conversant.go:64.38,68.17 3 1
github.com/prebid/prebid-server/adapters/conversant/conversant.go:73.3,74.17 2 1
github.com/prebid/prebid-server/adapters/conversant/conversant.go:81.3,81.26 1 1
github.com/prebid/prebid-server/adapters/conversant/conversant.go:90.3,90.53 1 1
github.com/prebid/prebid-server/adapters/conversant/conversant.go:96.3,102.29 6 1
github.com/prebid/prebid-server/adapters/conversant/conversant.go:106.3,106.24 1 1
github.com/prebid/prebid-server/adapters/conversant/conversant.go:141.3,141.70 1 1
github.com/prebid/prebid-server/adapters/conversant/conversant.go:68.17,70.12 1 0
github.com/prebid/prebid-server/adapters/conversant/conversant.go:74.17,78.4 1 0
github.com/prebid/prebid-server/adapters/conversant/conversant.go:81.26,82.27 1 1
github.com/prebid/prebid-server/adapters/conversant/conversant.go:85.4,85.26 1 1
github.com/prebid/prebid-server/adapters/conversant/conversant.go:82.27,84.5 1 1
github.com/prebid/prebid-server/adapters/conversant/conversant.go:85.26,87.5 1 1
github.com/prebid/prebid-server/adapters/conversant/conversant.go:90.53,92.4 1 1
github.com/prebid/prebid-server/adapters/conversant/conversant.go:102.29,104.4 1 1
github.com/prebid/prebid-server/adapters/conversant/conversant.go:106.24,108.4 1 1
github.com/prebid/prebid-server/adapters/conversant/conversant.go:108.9,108.30 1 1
github.com/prebid/prebid-server/adapters/conversant/conversant.go:108.30,111.27 2 1
github.com/prebid/prebid-server/adapters/conversant/conversant.go:122.4,122.33 1 1
github.com/prebid/prebid-server/adapters/conversant/conversant.go:129.4,129.29 1 1
github.com/prebid/prebid-server/adapters/conversant/conversant.go:134.4,134.33 1 1
github.com/prebid/prebid-server/adapters/conversant/conversant.go:111.27,113.36 2 1
github.com/prebid/prebid-server/adapters/conversant/conversant.go:113.36,115.6 1 1
github.com/prebid/prebid-server/adapters/conversant/conversant.go:122.33,124.47 2 1
github.com/prebid/prebid-server/adapters/conversant/conversant.go:124.47,126.6 1 1
github.com/prebid/prebid-server/adapters/conversant/conversant.go:129.29,132.5 2 1
github.com/prebid/prebid-server/adapters/conversant/conversant.go:134.33,136.5 1 1
github.com/prebid/prebid-server/adapters/conversant/conversant.go:141.70,143.4 1 1
github.com/prebid/prebid-server/adapters/conversant/conversant.go:148.50,152.3 1 1
github.com/prebid/prebid-server/adapters/conversant/conversant.go:154.48,158.3 1 0
github.com/prebid/prebid-server/adapters/conversant/conversant.go:166.27,168.3 1 0
github.com/prebid/prebid-server/adapters/conversant/conversant.go:174.17,177.3 2 0
github.com/prebid/prebid-server/adapters/conversant/conversant.go:184.16,186.3 1 1
github.com/prebid/prebid-server/adapters/conversant/conversant.go:190.17,192.3 1 0
github.com/prebid/prebid-server/adapters/conversant/conversant.go:194.28,196.3 1 1
github.com/prebid/prebid-server/adapters/conversant/conversant.go:200.16,202.3 1 0
github.com/prebid/prebid-server/adapters/conversant/conversant.go:204.46,208.3 1 0
github.com/prebid/prebid-server/adapters/conversant/conversant.go:210.28,214.3 1 1
github.com/prebid/prebid-server/adapters/conversant/conversant.go:216.17,218.3 1 0
github.com/prebid/prebid-server/adapters/conversant/conversant.go:223.16,227.3 1 0
github.com/prebid/prebid-server/adapters/conversant/conversant.go:231.42,232.35 1 1
github.com/prebid/prebid-server/adapters/conversant/conversant.go:232.35,233.22 1 1
github.com/prebid/prebid-server/adapters/conversant/conversant.go:237.4,238.18 2 1
github.com/prebid/prebid-server/adapters/conversant/conversant.go:245.4,246.19 2 1
github.com/prebid/prebid-server/adapters/conversant/conversant.go:252.4,260.24 2 1
github.com/prebid/prebid-server/adapters/conversant/conversant.go:273.4,273.32 1 1
github.com/prebid/prebid-server/adapters/conversant/conversant.go:233.22,234.13 1 1
github.com/prebid/prebid-server/adapters/conversant/conversant.go:238.18,243.5 1 0
github.com/prebid/prebid-server/adapters/conversant/conversant.go:246.19,250.5 1 0
github.com/prebid/prebid-server/adapters/conversant/conversant.go:260.24,265.5 4 1
github.com/prebid/prebid-server/adapters/conversant/conversant.go:265.10,271.5 5 1
github.com/prebid/prebid-server/adapters/conversant/conversant.go:277.20,279.3 1 1
github.com/prebid/prebid-server/adapters/conversant/conversant.go:284.94,291.2 2 1
github.com/prebid/prebid-server/adapters/conversant/usersync.go:10.71,12.2 1 1
github.com/prebid/prebid-server/adapters/appnexus/appnexus.go:33.41,35.2 1 1
github.com/prebid/prebid-server/adapters/appnexus/appnexus.go:37.48,39.2 1 0
github.com/prebid/prebid-server/adapters/appnexus/appnexus.go:111.122,115.16 3 1
github.com/prebid/prebid-server/adapters/appnexus/appnexus.go:118.2,119.38 2 1
github.com/prebid/prebid-server/adapters/appnexus/appnexus.go:190.2,191.16 2 1
github.com/prebid/prebid-server/adapters/appnexus/appnexus.go:195.2,199.17 2 1
github.com/prebid/prebid-server/adapters/appnexus/appnexus.go:204.2,209.16 5 1
github.com/prebid/prebid-server/adapters/appnexus/appnexus.go:213.2,215.30 2 1
github.com/prebid/prebid-server/adapters/appnexus/appnexus.go:219.2,221.16 3 1
github.com/prebid/prebid-server/adapters/appnexus/appnexus.go:224.2,226.48 2 1
github.com/prebid/prebid-server/adapters/appnexus/appnexus.go:232.2,232.40 1 1
github.com/prebid/prebid-server/adapters/appnexus/appnexus.go:238.2,238.17 1 1
github.com/prebid/prebid-server/adapters/appnexus/appnexus.go:242.2,244.16 3 1
github.com/prebid/prebid-server/adapters/appnexus/appnexus.go:248.2,250.37 2 1
github.com/prebid/prebid-server/adapters/appnexus/appnexus.go:282.2,282.18 1 1
github.com/prebid/prebid-server/adapters/appnexus/appnexus.go:115.16,117.3 1 0
github.com/prebid/prebid-server/adapters/appnexus/appnexus.go:119.38,122.17 3 1
github.com/prebid/prebid-server/adapters/appnexus/appnexus.go:127.3,127.63 1 1
github.com/prebid/prebid-server/adapters/appnexus/appnexus.go:130.3,130.57 1 1
github.com/prebid/prebid-server/adapters/appnexus/appnexus.go:133.3,133.77 1 1
github.com/prebid/prebid-server/adapters/appnexus/appnexus.go:137.3,137.79 1 1
github.com/prebid/prebid-server/adapters/appnexus/appnexus.go:144.3,144.26 1 1
github.com/prebid/prebid-server/adapters/appnexus/appnexus.go:147.3,147.27 1 1
github.com/prebid/prebid-server/adapters/appnexus/appnexus.go:155.3,155.25 1 1
github.com/prebid/prebid-server/adapters/appnexus/appnexus.go:158.3,158.58 1 1
github.com/prebid/prebid-server/adapters/appnexus/appnexus.go:166.3,167.38 2 1
github.com/prebid/prebid-server/adapters/appnexus/appnexus.go:178.3,187.48 3 1
github.com/prebid/prebid-server/adapters/appnexus/appnexus.go:122.17,124.4 1 0
github.com/prebid/prebid-server/adapters/appnexus/appnexus.go:127.63,129.4 1 1
github.com/prebid/prebid-server/adapters/appnexus/appnexus.go:130.57,132.4 1 1
github.com/prebid/prebid-server/adapters/appnexus/appnexus.go:133.77,135.4 1 1
github.com/prebid/prebid-server/adapters/appnexus/appnexus.go:137.79,141.4 1 0
github.com/prebid/prebid-server/adapters/appnexus/appnexus.go:144.26,145.9 1 0
github.com/prebid/prebid-server/adapters/appnexus/appnexus.go:147.27,149.27 2 1
github.com/prebid/prebid-server/adapters/appnexus/appnexus.go:149.27,152.5 1 1
github.com/prebid/prebid-server/adapters/appnexus/appnexus.go:155.25,157.4 1 1
github.com/prebid/prebid-server/adapters/appnexus/appnexus.go:158.58,159.34 1 1
github.com/prebid/prebid-server/adapters/appnexus/appnexus.go:159.34,161.5 1 0
github.com/prebid/prebid-server/adapters/appnexus/appnexus.go:161.10,161.41 1 1
github.com/prebid/prebid-server/adapters/appnexus/appnexus.go:161.41,163.5 1 1
github.com/prebid/prebid-server/adapters/appnexus/appnexus.go:167.38,168.27 1 1
github.com/prebid/prebid-server/adapters/appnexus/appnexus.go:168.27,170.5 1 1
github.com/prebid/prebid-server/adapters/appnexus/appnexus.go:170.10,171.35 1 1
github.com/prebid/prebid-server/adapters/appnexus/appnexus.go:171.35,173.6 1 1
github.com/prebid/prebid-server/adapters/appnexus/appnexus.go:191.16,193.3 1 0
github.com/prebid/prebid-server/adapters/appnexus/appnexus.go:199.17,202.3 2 0
github.com/prebid/prebid-server/adapters/appnexus/appnexus.go:209.16,211.3 1 1
github.com/prebid/prebid-server/adapters/appnexus/appnexus.go:215.30,217.3 1 0
github.com/prebid/prebid-server/adapters/appnexus/appnexus.go:221.16,223.3 1 0
github.com/prebid/prebid-server/adapters/appnexus/appnexus.go:226.48,230.3 1 0
github.com/prebid/prebid-server/adapters/appnexus/appnexus.go:232.40,236.3 1 0
github.com/prebid/prebid-server/adapters/appnexus/appnexus.go:238.17,240.3 1 0
github.com/prebid/prebid-server/adapters/appnexus/appnexus.go:244.16,246.3 1 0
github.com/prebid/prebid-server/adapters/appnexus/appnexus.go:250.37,251.30 1 1
github.com/prebid/prebid-server/adapters/appnexus/appnexus.go:251.30,253.19 2 1
github.com/prebid/prebid-server/adapters/appnexus/appnexus.go:259.4,273.59 3 1
github.com/prebid/prebid-server/adapters/appnexus/appnexus.go:253.19,257.5 1 0
github.com/prebid/prebid-server/adapters/appnexus/appnexus.go:273.59,274.66 1 1
github.com/prebid/prebid-server/adapters/appnexus/appnexus.go:274.66,277.6 2 1
github.com/prebid/prebid-server/adapters/appnexus/appnexus.go:285.140,291.24 4 1
github.com/prebid/prebid-server/adapters/appnexus/appnexus.go:298.2,298.40 1 1
github.com/prebid/prebid-server/adapters/appnexus/appnexus.go:311.2,316.24 2 1
github.com/prebid/prebid-server/adapters/appnexus/appnexus.go:327.2,327.27 1 1
github.com/prebid/prebid-server/adapters/appnexus/appnexus.go:332.2,333.52 2 1
github.com/prebid/prebid-server/adapters/appnexus/appnexus.go:339.2,340.26 2 1
github.com/prebid/prebid-server/adapters/appnexus/appnexus.go:346.2,346.28 1 1
github.com/prebid/prebid-server/adapters/appnexus/appnexus.go:349.2,350.26 2 1
github.com/prebid/prebid-server/adapters/appnexus/appnexus.go:354.2,358.16 5 1
github.com/prebid/prebid-server/adapters/appnexus/appnexus.go:363.2,377.15 9 1
github.com/prebid/prebid-server/adapters/appnexus/appnexus.go:401.2,401.21 1 1
github.com/prebid/prebid-server/adapters/appnexus/appnexus.go:291.24,294.37 3 1
github.com/prebid/prebid-server/adapters/appnexus/appnexus.go:294.37,296.4 1 1
github.com/prebid/prebid-server/adapters/appnexus/appnexus.go:298.40,300.21 2 1
github.com/prebid/prebid-server/adapters/appnexus/appnexus.go:304.3,304.17 1 1
github.com/prebid/prebid-server/adapters/appnexus/appnexus.go:300.21,302.4 1 1
github.com/prebid/prebid-server/adapters/appnexus/appnexus.go:304.17,308.4 3 0
github.com/prebid/prebid-server/adapters/appnexus/appnexus.go:316.24,321.25 4 1
github.com/prebid/prebid-server/adapters/appnexus/appnexus.go:321.25,323.4 1 0
github.com/prebid/prebid-server/adapters/appnexus/appnexus.go:327.27,329.3 1 0
github.com/prebid/prebid-server/adapters/appnexus/appnexus.go:333.52,335.3 1 1
github.com/prebid/prebid-server/adapters/appnexus/appnexus.go:335.8,335.61 1 1
github.com/prebid/prebid-server/adapters/appnexus/appnexus.go:335.61,337.3 1 1
github.com/prebid/prebid-server/adapters/appnexus/appnexus.go:340.26,341.62 1 0
github.com/prebid/prebid-server/adapters/appnexus/appnexus.go:341.62,344.4 2 0
github.com/prebid/prebid-server/adapters/appnexus/appnexus.go:346.28,348.3 1 1
github.com/prebid/prebid-server/adapters/appnexus/appnexus.go:350.26,353.3 2 0
github.com/prebid/prebid-server/adapters/appnexus/appnexus.go:358.16,361.3 2 0
github.com/prebid/prebid-server/adapters/appnexus/appnexus.go:377.15,380.26 2 1
github.com/prebid/prebid-server/adapters/appnexus/appnexus.go:384.3,388.17 4 1
github.com/prebid/prebid-server/adapters/appnexus/appnexus.go:393.3,399.20 2 1
github.com/prebid/prebid-server/adapters/appnexus/appnexus.go:380.26,383.4 2 1
github.com/prebid/prebid-server/adapters/appnexus/appnexus.go:388.17,391.4 2 0
github.com/prebid/prebid-server/adapters/appnexus/appnexus.go:405.39,407.21 2 1
github.com/prebid/prebid-server/adapters/appnexus/appnexus.go:410.2,410.13 1 1
github.com/prebid/prebid-server/adapters/appnexus/appnexus.go:407.21,409.3 1 1
github.com/prebid/prebid-server/adapters/appnexus/appnexus.go:416.84,418.60 2 1
github.com/prebid/prebid-server/adapters/appnexus/appnexus.go:422.2,423.71 2 1
github.com/prebid/prebid-server/adapters/appnexus/appnexus.go:429.2,429.72 1 1
github.com/prebid/prebid-server/adapters/appnexus/appnexus.go:432.2,432.66 1 1
github.com/prebid/prebid-server/adapters/appnexus/appnexus.go:435.2,435.86 1 1
github.com/prebid/prebid-server/adapters/appnexus/appnexus.go:439.2,439.93 1 1
github.com/prebid/prebid-server/adapters/appnexus/appnexus.go:445.2,445.31 1 1
github.com/prebid/prebid-server/adapters/appnexus/appnexus.go:448.2,448.29 1 1
github.com/prebid/prebid-server/adapters/appnexus/appnexus.go:451.2,451.23 1 1
github.com/prebid/prebid-server/adapters/appnexus/appnexus.go:469.2,469.74 1 1
github.com/prebid/prebid-server/adapters/appnexus/appnexus.go:473.2,481.54 3 1
github.com/prebid/prebid-server/adapters/appnexus/appnexus.go:485.2,485.32 1 1
github.com/prebid/prebid-server/adapters/appnexus/appnexus.go:418.60,420.3 1 0
github.com/prebid/prebid-server/adapters/appnexus/appnexus.go:423.71,425.3 1 0
github.com/prebid/prebid-server/adapters/appnexus/appnexus.go:429.72,431.3 1 1
github.com/prebid/prebid-server/adapters/appnexus/appnexus.go:432.66,434.3 1 0
github.com/prebid/prebid-server/adapters/appnexus/appnexus.go:435.86,437.3 1 0
github.com/prebid/prebid-server/adapters/appnexus/appnexus.go:439.93,443.3 1 0
github.com/prebid/prebid-server/adapters/appnexus/appnexus.go:445.31,447.3 1 1
github.com/prebid/prebid-server/adapters/appnexus/appnexus.go:448.29,450.3 1 1
github.com/prebid/prebid-server/adapters/appnexus/appnexus.go:451.23,453.38 2 1
github.com/prebid/prebid-server/adapters/appnexus/appnexus.go:460.3,460.79 1 1
github.com/prebid/prebid-server/adapters/appnexus/appnexus.go:465.3,465.27 1 1
github.com/prebid/prebid-server/adapters/appnexus/appnexus.go:453.38,455.4 1 0
github.com/prebid/prebid-server/adapters/appnexus/appnexus.go:455.9,455.45 1 1
github.com/prebid/prebid-server/adapters/appnexus/appnexus.go:455.45,457.4 1 1
github.com/prebid/prebid-server/adapters/appnexus/appnexus.go:460.79,464.4 3 1
github.com/prebid/prebid-server/adapters/appnexus/appnexus.go:469.74,471.3 1 1
github.com/prebid/prebid-server/adapters/appnexus/appnexus.go:481.54,483.3 1 0
github.com/prebid/prebid-server/adapters/appnexus/appnexus.go:488.74,490.30 2 1
github.com/prebid/prebid-server/adapters/appnexus/appnexus.go:500.2,500.31 1 1
github.com/prebid/prebid-server/adapters/appnexus/appnexus.go:490.30,491.26 1 1
github.com/prebid/prebid-server/adapters/appnexus/appnexus.go:491.26,493.4 1 1
github.com/prebid/prebid-server/adapters/appnexus/appnexus.go:493.9,494.34 1 1
github.com/prebid/prebid-server/adapters/appnexus/appnexus.go:494.34,496.5 1 1
github.com/prebid/prebid-server/adapters/appnexus/appnexus.go:503.181,504.49 1 1
github.com/prebid/prebid-server/adapters/appnexus/appnexus.go:508.2,508.50 1 1
github.com/prebid/prebid-server/adapters/appnexus/appnexus.go:514.2,514.42 1 1
github.com/prebid/prebid-server/adapters/appnexus/appnexus.go:518.2,519.64 2 1
github.com/prebid/prebid-server/adapters/appnexus/appnexus.go:523.2,526.37 3 1
github.com/prebid/prebid-server/adapters/appnexus/appnexus.go:556.2,556.26 1 1
github.com/prebid/prebid-server/adapters/appnexus/appnexus.go:504.49,506.3 1 1
github.com/prebid/prebid-server/adapters/appnexus/appnexus.go:508.50,512.3 1 0
github.com/prebid/prebid-server/adapters/appnexus/appnexus.go:514.42,516.3 1 0
github.com/prebid/prebid-server/adapters/appnexus/appnexus.go:519.64,521.3 1 0
github.com/prebid/prebid-server/adapters/appnexus/appnexus.go:526.37,527.36 1 1
github.com/prebid/prebid-server/adapters/appnexus/appnexus.go:527.36,530.59 3 1
github.com/prebid/prebid-server/adapters/appnexus/appnexus.go:530.59,532.5 1 0
github.com/prebid/prebid-server/adapters/appnexus/appnexus.go:532.10,533.64 1 1
github.com/prebid/prebid-server/adapters/appnexus/appnexus.go:533.64,534.73 1 1
github.com/prebid/prebid-server/adapters/appnexus/appnexus.go:541.6,549.8 2 1
github.com/prebid/prebid-server/adapters/appnexus/appnexus.go:534.73,536.7 1 1
github.com/prebid/prebid-server/adapters/appnexus/appnexus.go:536.12,536.33 1 1
github.com/prebid/prebid-server/adapters/appnexus/appnexus.go:536.33,539.7 1 0
github.com/prebid/prebid-server/adapters/appnexus/appnexus.go:550.11,552.6 1 0
github.com/prebid/prebid-server/adapters/appnexus/appnexus.go:560.75,561.30 1 1
github.com/prebid/prebid-server/adapters/appnexus/appnexus.go:562.9,563.40 1 1
github.com/prebid/prebid-server/adapters/appnexus/appnexus.go:564.9,565.39 1 1
github.com/prebid/prebid-server/adapters/appnexus/appnexus.go:566.9,567.39 1 0
github.com/prebid/prebid-server/adapters/appnexus/appnexus.go:568.9,569.40 1 1
github.com/prebid/prebid-server/adapters/appnexus/appnexus.go:570.10,571.104 1 0
github.com/prebid/prebid-server/adapters/appnexus/appnexus.go:576.85,578.60 2 1
github.com/prebid/prebid-server/adapters/appnexus/appnexus.go:578.60,580.3 1 1
github.com/prebid/prebid-server/adapters/appnexus/appnexus.go:580.8,582.3 1 1
github.com/prebid/prebid-server/adapters/appnexus/appnexus.go:585.57,586.32 1 1
github.com/prebid/prebid-server/adapters/appnexus/appnexus.go:590.2,590.39 1 1
github.com/prebid/prebid-server/adapters/appnexus/appnexus.go:586.32,588.3 1 1
github.com/prebid/prebid-server/adapters/appnexus/appnexus.go:593.107,595.2 1 1
github.com/prebid/prebid-server/adapters/appnexus/appnexus.go:597.91,603.16 4 1
github.com/prebid/prebid-server/adapters/appnexus/appnexus.go:611.2,612.25 2 1
github.com/prebid/prebid-server/adapters/appnexus/appnexus.go:618.2,623.3 1 1
github.com/prebid/prebid-server/adapters/appnexus/appnexus.go:603.16,606.63 2 1
github.com/prebid/prebid-server/adapters/appnexus/appnexus.go:606.63,608.4 1 1
github.com/prebid/prebid-server/adapters/appnexus/appnexus.go:612.25,613.55 1 1
github.com/prebid/prebid-server/adapters/appnexus/appnexus.go:613.55,615.4 1 1
github.com/prebid/prebid-server/adapters/appnexus/usersync.go:10.69,12.2 1 1
github.com/prebid/prebid-server/adapters/ix/ix.go:31.35,33.2 1 1
github.com/prebid/prebid-server/adapters/ix/ix.go:35.42,37.2 1 0
github.com/prebid/prebid-server/adapters/ix/ix.go:57.56,58.32 1 0
github.com/prebid/prebid-server/adapters/ix/ix.go:61.2,61.13 1 0
github.com/prebid/prebid-server/adapters/ix/ix.go:58.32,60.3 1 0
github.com/prebid/prebid-server/adapters/ix/ix.go:64.116,67.20 2 1
github.com/prebid/prebid-server/adapters/ix/ix.go:72.2,75.16 3 1
github.com/prebid/prebid-server/adapters/ix/ix.go:79.2,80.38 2 1
github.com/prebid/prebid-server/adapters/ix/ix.go:136.2,137.34 2 1
github.com/prebid/prebid-server/adapters/ix/ix.go:141.2,141.24 1 1
github.com/prebid/prebid-server/adapters/ix/ix.go:147.2,148.35 2 1
github.com/prebid/prebid-server/adapters/ix/ix.go:170.2,171.37 2 1
github.com/prebid/prebid-server/adapters/ix/ix.go:191.2,191.20 1 1
github.com/prebid/prebid-server/adapters/ix/ix.go:194.2,194.18 1 1
github.com/prebid/prebid-server/adapters/ix/ix.go:67.20,71.3 1 1
github.com/prebid/prebid-server/adapters/ix/ix.go:75.16,77.3 1 1
github.com/prebid/prebid-server/adapters/ix/ix.go:80.38,83.28 1 1
github.com/prebid/prebid-server/adapters/ix/ix.go:87.3,89.17 3 1
github.com/prebid/prebid-server/adapters/ix/ix.go:95.3,95.26 1 1
github.com/prebid/prebid-server/adapters/ix/ix.go:101.3,101.45 1 1
github.com/prebid/prebid-server/adapters/ix/ix.go:83.28,84.9 1 0
github.com/prebid/prebid-server/adapters/ix/ix.go:89.17,93.4 1 1
github.com/prebid/prebid-server/adapters/ix/ix.go:95.26,99.4 1 1
github.com/prebid/prebid-server/adapters/ix/ix.go:101.45,127.22 12 1
github.com/prebid/prebid-server/adapters/ix/ix.go:127.22,129.5 1 1
github.com/prebid/prebid-server/adapters/ix/ix.go:129.10,131.5 1 1
github.com/prebid/prebid-server/adapters/ix/ix.go:137.34,139.3 1 1
github.com/prebid/prebid-server/adapters/ix/ix.go:141.24,145.3 1 0
github.com/prebid/prebid-server/adapters/ix/ix.go:148.35,149.57 1 1
github.com/prebid/prebid-server/adapters/ix/ix.go:149.57,153.25 4 1
github.com/prebid/prebid-server/adapters/ix/ix.go:166.4,166.16 1 1
github.com/prebid/prebid-server/adapters/ix/ix.go:153.25,159.31 5 1
github.com/prebid/prebid-server/adapters/ix/ix.go:159.31,164.6 2 1
github.com/prebid/prebid-server/adapters/ix/ix.go:171.37,173.49 2 1
github.com/prebid/prebid-server/adapters/ix/ix.go:177.3,177.18 1 1
github.com/prebid/prebid-server/adapters/ix/ix.go:186.3,186.26 1 1
github.com/prebid/prebid-server/adapters/ix/ix.go:173.49,175.4 1 1
github.com/prebid/prebid-server/adapters/ix/ix.go:177.18,185.4 2 0
github.com/prebid/prebid-server/adapters/ix/ix.go:186.26,188.4 1 1
github.com/prebid/prebid-server/adapters/ix/ix.go:191.20,193.3 1 1
github.com/prebid/prebid-server/adapters/ix/ix.go:197.93,205.16 6 1
github.com/prebid/prebid-server/adapters/ix/ix.go:209.2,211.47 2 1
github.com/prebid/prebid-server/adapters/ix/ix.go:215.2,215.48 1 1
github.com/prebid/prebid-server/adapters/ix/ix.go:221.2,221.40 1 1
github.com/prebid/prebid-server/adapters/ix/ix.go:227.2,229.16 3 1
github.com/prebid/prebid-server/adapters/ix/ix.go:232.2,236.16 4 1
github.com/prebid/prebid-server/adapters/ix/ix.go:242.2,242.31 1 1
github.com/prebid/prebid-server/adapters/ix/ix.go:245.2,245.38 1 1
github.com/prebid/prebid-server/adapters/ix/ix.go:248.2,260.20 3 1
github.com/prebid/prebid-server/adapters/ix/ix.go:205.16,207.3 1 1
github.com/prebid/prebid-server/adapters/ix/ix.go:211.47,213.3 1 1
github.com/prebid/prebid-server/adapters/ix/ix.go:215.48,219.3 1 1
github.com/prebid/prebid-server/adapters/ix/ix.go:221.40,225.3 1 1
github.com/prebid/prebid-server/adapters/ix/ix.go:229.16,231.3 1 0
github.com/prebid/prebid-server/adapters/ix/ix.go:236.16,240.3 1 1
github.com/prebid/prebid-server/adapters/ix/ix.go:242.31,244.3 1 0
github.com/prebid/prebid-server/adapters/ix/ix.go:245.38,247.3 1 0
github.com/prebid/prebid-server/adapters/ix/ix.go:263.78,269.2 2 1
github.com/prebid/prebid-server/adapters/ix/usersync.go:10.63,12.2 1 1
github.com/prebid/prebid-server/pbs_light.go:27.13,30.2 2 1
github.com/prebid/prebid-server/pbs_light.go:32.13,36.16 4 0
github.com/prebid/prebid-server/pbs_light.go:39.2,39.40 1 0
github.com/prebid/prebid-server/pbs_light.go:36.16,38.3 1 0
github.com/prebid/prebid-server/pbs_light.go:39.40,41.3 1 0
github.com/prebid/prebid-server/pbs_light.go:44.62,47.16 3 0
github.com/prebid/prebid-server/pbs_light.go:51.2,56.12 5 0
github.com/prebid/prebid-server/pbs_light.go:47.16,49.3 1 0
github.com/prebid/prebid-server/adapters/lifestreet/lifestreet.go:26.43,28.2 1 1
github.com/prebid/prebid-server/adapters/lifestreet/lifestreet.go:30.50,32.2 1 0
github.com/prebid/prebid-server/adapters/lifestreet/lifestreet.go:39.144,45.14 5 1
github.com/prebid/prebid-server/adapters/lifestreet/lifestreet.go:50.2,56.31 5 1
github.com/prebid/prebid-server/adapters/lifestreet/lifestreet.go:60.2,60.31 1 1
github.com/prebid/prebid-server/adapters/lifestreet/lifestreet.go:65.2,67.16 3 1
github.com/prebid/prebid-server/adapters/lifestreet/lifestreet.go:70.2,70.67 1 1
github.com/prebid/prebid-server/adapters/lifestreet/lifestreet.go:73.2,77.20 3 1
github.com/prebid/prebid-server/adapters/lifestreet/lifestreet.go:86.2,97.8 2 1
github.com/prebid/prebid-server/adapters/lifestreet/lifestreet.go:45.14,48.3 2 1
github.com/prebid/prebid-server/adapters/lifestreet/lifestreet.go:56.31,58.3 1 0
github.com/prebid/prebid-server/adapters/lifestreet/lifestreet.go:60.31,63.3 2 0
github.com/prebid/prebid-server/adapters/lifestreet/lifestreet.go:67.16,69.3 1 0
github.com/prebid/prebid-server/adapters/lifestreet/lifestreet.go:70.67,72.3 1 0
github.com/prebid/prebid-server/adapters/lifestreet/lifestreet.go:77.20,80.17 3 0
github.com/prebid/prebid-server/adapters/lifestreet/lifestreet.go:83.3,83.20 1 0
github.com/prebid/prebid-server/adapters/lifestreet/lifestreet.go:80.17,82.4 1 0
github.com/prebid/prebid-server/adapters/lifestreet/lifestreet.go:100.173,103.16 2 1
github.com/prebid/prebid-server/adapters/lifestreet/lifestreet.go:107.2,107.44 1 1
github.com/prebid/prebid-server/adapters/lifestreet/lifestreet.go:103.16,105.3 1 1
github.com/prebid/prebid-server/adapters/lifestreet/lifestreet.go:107.44,110.33 2 1
github.com/prebid/prebid-server/adapters/lifestreet/lifestreet.go:113.3,115.20 2 1
github.com/prebid/prebid-server/adapters/lifestreet/lifestreet.go:110.33,112.4 1 1
github.com/prebid/prebid-server/adapters/lifestreet/lifestreet.go:116.8,120.3 1 0
github.com/prebid/prebid-server/adapters/lifestreet/lifestreet.go:123.124,126.38 3 1
github.com/prebid/prebid-server/adapters/lifestreet/lifestreet.go:165.2,166.32 2 1
github.com/prebid/prebid-server/adapters/lifestreet/lifestreet.go:184.2,187.43 3 1
github.com/prebid/prebid-server/adapters/lifestreet/lifestreet.go:206.2,206.20 1 1
github.com/prebid/prebid-server/adapters/lifestreet/lifestreet.go:209.2,209.18 1 1
github.com/prebid/prebid-server/adapters/lifestreet/lifestreet.go:126.38,129.17 3 1
github.com/prebid/prebid-server/adapters/lifestreet/lifestreet.go:132.3,132.27 1 1
github.com/prebid/prebid-server/adapters/lifestreet/lifestreet.go:137.3,138.18 2 1
github.com/prebid/prebid-server/adapters/lifestreet/lifestreet.go:145.3,146.17 2 1
github.com/prebid/prebid-server/adapters/lifestreet/lifestreet.go:155.3,156.17 2 1
github.com/prebid/prebid-server/adapters/lifestreet/lifestreet.go:129.17,131.4 1 0
github.com/prebid/prebid-server/adapters/lifestreet/lifestreet.go:132.27,136.4 1 0
github.com/prebid/prebid-server/adapters/lifestreet/lifestreet.go:138.18,142.4 1 0
github.com/prebid/prebid-server/adapters/lifestreet/lifestreet.go:146.17,149.18 3 1
github.com/prebid/prebid-server/adapters/lifestreet/lifestreet.go:149.18,151.5 1 0
github.com/prebid/prebid-server/adapters/lifestreet/lifestreet.go:156.17,159.18 3 0
github.com/prebid/prebid-server/adapters/lifestreet/lifestreet.go:159.18,161.5 1 0
github.com/prebid/prebid-server/adapters/lifestreet/lifestreet.go:166.32,167.56 1 1
github.com/prebid/prebid-server/adapters/lifestreet/lifestreet.go:167.56,170.25 3 1
github.com/prebid/prebid-server/adapters/lifestreet/lifestreet.go:180.4,180.16 1 1
github.com/prebid/prebid-server/adapters/lifestreet/lifestreet.go:170.25,173.31 3 1
github.com/prebid/prebid-server/adapters/lifestreet/lifestreet.go:173.31,178.6 2 0
github.com/prebid/prebid-server/adapters/lifestreet/lifestreet.go:187.43,189.24 2 1
github.com/prebid/prebid-server/adapters/lifestreet/lifestreet.go:192.3,192.18 1 1
github.com/prebid/prebid-server/adapters/lifestreet/lifestreet.go:201.3,201.26 1 1
github.com/prebid/prebid-server/adapters/lifestreet/lifestreet.go:189.24,191.4 1 1
github.com/prebid/prebid-server/adapters/lifestreet/lifestreet.go:192.18,200.4 2 0
github.com/prebid/prebid-server/adapters/lifestreet/lifestreet.go:201.26,203.4 1 1
github.com/prebid/prebid-server/adapters/lifestreet/lifestreet.go:206.20,208.3 1 1
github.com/prebid/prebid-server/adapters/lifestreet/lifestreet.go:212.99,218.2 2 1
github.com/prebid/prebid-server/adapters/lifestreet/usersync.go:10.71,12.2 1 1
github.com/prebid/prebid-server/adapters/brightroll/brightroll.go:19.144,23.27 3 1
github.com/prebid/prebid-server/adapters/brightroll/brightroll.go:31.2,35.16 4 1
github.com/prebid/prebid-server/adapters/brightroll/brightroll.go:42.2,44.16 3 1
github.com/prebid/prebid-server/adapters/brightroll/brightroll.go:51.2,51.35 1 1
github.com/prebid/prebid-server/adapters/brightroll/brightroll.go:58.2,59.40 2 1
github.com/prebid/prebid-server/adapters/brightroll/brightroll.go:83.2,83.21 1 1
github.com/prebid/prebid-server/adapters/brightroll/brightroll.go:91.2,93.43 2 1
github.com/prebid/prebid-server/adapters/brightroll/brightroll.go:96.2,97.16 2 1
github.com/prebid/prebid-server/adapters/brightroll/brightroll.go:101.2,108.27 7 1
github.com/prebid/prebid-server/adapters/brightroll/brightroll.go:117.2,122.12 1 1
github.com/prebid/prebid-server/adapters/brightroll/brightroll.go:23.27,29.3 3 1
github.com/prebid/prebid-server/adapters/brightroll/brightroll.go:35.16,41.3 3 1
github.com/prebid/prebid-server/adapters/brightroll/brightroll.go:44.16,50.3 3 1
github.com/prebid/prebid-server/adapters/brightroll/brightroll.go:51.35,57.3 3 1
github.com/prebid/prebid-server/adapters/brightroll/brightroll.go:59.40,61.35 1 1
github.com/prebid/prebid-server/adapters/brightroll/brightroll.go:61.35,63.80 2 1
github.com/prebid/prebid-server/adapters/brightroll/brightroll.go:68.4,68.45 1 1
github.com/prebid/prebid-server/adapters/brightroll/brightroll.go:72.4,73.25 2 1
github.com/prebid/prebid-server/adapters/brightroll/brightroll.go:63.80,67.5 3 1
github.com/prebid/prebid-server/adapters/brightroll/brightroll.go:68.45,71.5 1 0
github.com/prebid/prebid-server/adapters/brightroll/brightroll.go:74.9,74.41 1 1
github.com/prebid/prebid-server/adapters/brightroll/brightroll.go:74.41,76.45 2 1
github.com/prebid/prebid-server/adapters/brightroll/brightroll.go:76.45,80.5 3 0
github.com/prebid/prebid-server/adapters/brightroll/brightroll.go:83.21,89.3 3 0
github.com/prebid/prebid-server/adapters/brightroll/brightroll.go:93.43,95.3 1 0
github.com/prebid/prebid-server/adapters/brightroll/brightroll.go:97.16,100.3 2 0
github.com/prebid/prebid-server/adapters/brightroll/brightroll.go:108.27,112.32 4 0
github.com/prebid/prebid-server/adapters/brightroll/brightroll.go:112.32,114.4 1 0
github.com/prebid/prebid-server/adapters/brightroll/brightroll.go:125.183,127.49 1 1
github.com/prebid/prebid-server/adapters/brightroll/brightroll.go:131.2,131.50 1 1
github.com/prebid/prebid-server/adapters/brightroll/brightroll.go:137.2,137.42 1 1
github.com/prebid/prebid-server/adapters/brightroll/brightroll.go:143.2,144.64 2 1
github.com/prebid/prebid-server/adapters/brightroll/brightroll.go:150.2,152.35 3 1
github.com/prebid/prebid-server/adapters/brightroll/brightroll.go:159.2,159.25 1 1
github.com/prebid/prebid-server/adapters/brightroll/brightroll.go:127.49,129.3 1 0
github.com/prebid/prebid-server/adapters/brightroll/brightroll.go:131.50,135.3 1 0
github.com/prebid/prebid-server/adapters/brightroll/brightroll.go:137.42,141.3 1 0
github.com/prebid/prebid-server/adapters/brightroll/brightroll.go:144.64,148.3 1 0
github.com/prebid/prebid-server/adapters/brightroll/brightroll.go:152.35,158.3 2 1
github.com/prebid/prebid-server/adapters/brightroll/brightroll.go:163.49,165.2 1 0
github.com/prebid/prebid-server/adapters/brightroll/brightroll.go:167.71,169.2 1 0
github.com/prebid/prebid-server/adapters/brightroll/brightroll.go:172.86,173.26 1 0
github.com/prebid/prebid-server/adapters/brightroll/brightroll.go:173.26,175.3 1 0
github.com/prebid/prebid-server/adapters/brightroll/brightroll.go:179.79,181.27 2 1
github.com/prebid/prebid-server/adapters/brightroll/brightroll.go:189.2,189.18 1 0
github.com/prebid/prebid-server/adapters/brightroll/brightroll.go:181.27,182.22 1 1
github.com/prebid/prebid-server/adapters/brightroll/brightroll.go:182.22,183.24 1 1
github.com/prebid/prebid-server/adapters/brightroll/brightroll.go:186.4,186.20 1 1
github.com/prebid/prebid-server/adapters/brightroll/brightroll.go:183.24,185.5 1 1
github.com/prebid/prebid-server/adapters/brightroll/brightroll.go:192.62,196.2 1 1
github.com/prebid/prebid-server/adapters/brightroll/usersync.go:10.71,12.2 1 1
github.com/prebid/prebid-server/adapters/eplanning/eplanning.go:63.147,70.33 6 1
github.com/prebid/prebid-server/adapters/eplanning/eplanning.go:88.2,88.24 1 1
github.com/prebid/prebid-server/adapters/eplanning/eplanning.go:92.2,96.27 5 1
github.com/prebid/prebid-server/adapters/eplanning/eplanning.go:106.2,107.52 2 1
github.com/prebid/prebid-server/adapters/eplanning/eplanning.go:113.2,114.54 2 1
github.com/prebid/prebid-server/adapters/eplanning/eplanning.go:120.2,122.56 2 1
github.com/prebid/prebid-server/adapters/eplanning/eplanning.go:126.2,126.14 1 1
github.com/prebid/prebid-server/adapters/eplanning/eplanning.go:130.2,131.21 2 1
github.com/prebid/prebid-server/adapters/eplanning/eplanning.go:138.2,147.25 3 1
github.com/prebid/prebid-server/adapters/eplanning/eplanning.go:70.33,73.17 3 1
github.com/prebid/prebid-server/adapters/eplanning/eplanning.go:78.3,78.21 1 1
github.com/prebid/prebid-server/adapters/eplanning/eplanning.go:82.3,85.68 3 1
github.com/prebid/prebid-server/adapters/eplanning/eplanning.go:73.17,75.12 2 1
github.com/prebid/prebid-server/adapters/eplanning/eplanning.go:78.21,80.4 1 1
github.com/prebid/prebid-server/adapters/eplanning/eplanning.go:88.24,90.3 1 1
github.com/prebid/prebid-server/adapters/eplanning/eplanning.go:96.27,101.32 5 1
github.com/prebid/prebid-server/adapters/eplanning/eplanning.go:101.32,103.4 1 1
github.com/prebid/prebid-server/adapters/eplanning/eplanning.go:107.52,109.3 1 1
github.com/prebid/prebid-server/adapters/eplanning/eplanning.go:109.8,111.3 1 1
github.com/prebid/prebid-server/adapters/eplanning/eplanning.go:114.54,116.3 1 1
github.com/prebid/prebid-server/adapters/eplanning/eplanning.go:116.8,118.3 1 1
github.com/prebid/prebid-server/adapters/eplanning/eplanning.go:122.56,124.3 1 1
github.com/prebid/prebid-server/adapters/eplanning/eplanning.go:126.14,128.3 1 1
github.com/prebid/prebid-server/adapters/eplanning/eplanning.go:131.21,133.3 1 1
github.com/prebid/prebid-server/adapters/eplanning/eplanning.go:133.8,136.3 2 0
github.com/prebid/prebid-server/adapters/eplanning/eplanning.go:150.36,151.38 1 1
github.com/prebid/prebid-server/adapters/eplanning/eplanning.go:154.2,154.13 1 1
github.com/prebid/prebid-server/adapters/eplanning/eplanning.go:151.38,153.3 1 1
github.com/prebid/prebid-server/adapters/eplanning/eplanning.go:157.72,160.60 2 1
[...]
github.com/prebid/prebid-server/endpoints/openrtb2/video_auction.go:605.30,609.4 3 1
github.com/prebid/prebid-server/endpoints/openrtb2/video_auction.go:611.39,614.3 2 1
github.com/prebid/prebid-server/endpoints/openrtb2/video_auction.go:614.8,614.46 1 1
github.com/prebid/prebid-server/endpoints/openrtb2/video_auction.go:614.46,617.3 2 1
github.com/prebid/prebid-server/endpoints/openrtb2/video_auction.go:617.8,617.72 1 1
github.com/prebid/prebid-server/endpoints/openrtb2/video_auction.go:617.72,620.3 2 1
github.com/prebid/prebid-server/endpoints/openrtb2/video_auction.go:620.8,620.71 1 1
github.com/prebid/prebid-server/endpoints/openrtb2/video_auction.go:620.71,623.3 2 0
github.com/prebid/prebid-server/endpoints/openrtb2/video_auction.go:625.31,628.3 2 0
github.com/prebid/prebid-server/endpoints/openrtb2/video_auction.go:628.8,630.40 2 1
github.com/prebid/prebid-server/endpoints/openrtb2/video_auction.go:635.3,635.22 1 1
github.com/prebid/prebid-server/endpoints/openrtb2/video_auction.go:639.3,639.21 1 1
github.com/prebid/prebid-server/endpoints/openrtb2/video_auction.go:630.40,631.18 1 1
github.com/prebid/prebid-server/endpoints/openrtb2/video_auction.go:631.18,633.5 1 1
github.com/prebid/prebid-server/endpoints/openrtb2/video_auction.go:635.22,638.4 2 1
github.com/prebid/prebid-server/endpoints/openrtb2/video_auction.go:639.21,641.4 1 1
github.com/prebid/prebid-server/endpoints/openrtb2/video_auction.go:644.35,647.3 2 1
github.com/prebid/prebid-server/endpoints/openrtb2/video_auction.go:652.52,653.33 1 1
github.com/prebid/prebid-server/endpoints/openrtb2/video_auction.go:658.2,658.14 1 1
github.com/prebid/prebid-server/endpoints/openrtb2/video_auction.go:653.33,654.17 1 1
github.com/prebid/prebid-server/endpoints/openrtb2/video_auction.go:654.17,656.4 1 1
github.com/prebid/prebid-server/usersync/cookie.go:48.87,49.36 1 1
github.com/prebid/prebid-server/usersync/cookie.go:57.2,59.17 3 1
github.com/prebid/prebid-server/usersync/cookie.go:65.2,65.85 1 1
github.com/prebid/prebid-server/usersync/cookie.go:70.2,70.15 1 1
github.com/prebid/prebid-server/usersync/cookie.go:49.36,51.69 2 0
github.com/prebid/prebid-server/usersync/cookie.go:51.69,55.4 3 0
github.com/prebid/prebid-server/usersync/cookie.go:59.17,61.3 1 1
github.com/prebid/prebid-server/usersync/cookie.go:61.8,63.3 1 1
github.com/prebid/prebid-server/usersync/cookie.go:65.85,66.65 1 1
github.com/prebid/prebid-server/usersync/cookie.go:66.65,68.4 1 1
github.com/prebid/prebid-server/usersync/cookie.go:74.56,78.16 3 1
github.com/prebid/prebid-server/usersync/cookie.go:82.2,86.11 2 1
github.com/prebid/prebid-server/usersync/cookie.go:78.16,81.3 1 1
github.com/prebid/prebid-server/usersync/cookie.go:90.32,95.2 1 1
github.com/prebid/prebid-server/usersync/cookie.go:98.44,100.2 1 1
github.com/prebid/prebid-server/usersync/cookie.go:103.52,104.11 1 1
github.com/prebid/prebid-server/usersync/cookie.go:104.11,106.3 1 1
github.com/prebid/prebid-server/usersync/cookie.go:106.8,109.3 2 1
github.com/prebid/prebid-server/usersync/cookie.go:113.71,123.2 3 1
github.com/prebid/prebid-server/usersync/cookie.go:131.73,132.19 1 1
github.com/prebid/prebid-server/usersync/cookie.go:137.2,137.25 1 1
github.com/prebid/prebid-server/usersync/cookie.go:132.19,133.45 1 1
github.com/prebid/prebid-server/usersync/cookie.go:133.45,135.4 1 1
github.com/prebid/prebid-server/usersync/cookie.go:141.54,143.19 2 1
github.com/prebid/prebid-server/usersync/cookie.go:149.2,149.13 1 1
github.com/prebid/prebid-server/usersync/cookie.go:143.19,145.54 1 1
github.com/prebid/prebid-server/usersync/cookie.go:145.54,147.4 1 1
github.com/prebid/prebid-server/usersync/cookie.go:153.92,154.59 1 1
github.com/prebid/prebid-server/usersync/cookie.go:159.2,159.8 1 1
github.com/prebid/prebid-server/usersync/cookie.go:154.59,156.3 1 1
github.com/prebid/prebid-server/usersync/cookie.go:156.8,158.3 1 1
github.com/prebid/prebid-server/usersync/cookie.go:163.103,165.18 2 1
github.com/prebid/prebid-server/usersync/cookie.go:168.2,168.31 1 1
github.com/prebid/prebid-server/usersync/cookie.go:165.18,167.3 1 1
github.com/prebid/prebid-server/usersync/cookie.go:172.52,174.2 1 1
github.com/prebid/prebid-server/usersync/cookie.go:177.62,180.2 2 1
github.com/prebid/prebid-server/usersync/cookie.go:183.46,186.19 3 1
github.com/prebid/prebid-server/usersync/cookie.go:193.2,193.17 1 1
github.com/prebid/prebid-server/usersync/cookie.go:186.19,187.37 1 1
github.com/prebid/prebid-server/usersync/cookie.go:187.37,188.33 1 1
github.com/prebid/prebid-server/usersync/cookie.go:188.33,190.5 1 1
github.com/prebid/prebid-server/usersync/cookie.go:197.71,198.26 1 1
github.com/prebid/prebid-server/usersync/cookie.go:204.2,204.68 1 1
github.com/prebid/prebid-server/usersync/cookie.go:208.2,213.12 2 1
github.com/prebid/prebid-server/usersync/cookie.go:198.26,200.3 1 1
github.com/prebid/prebid-server/usersync/cookie.go:204.68,206.3 1 1
github.com/prebid/prebid-server/usersync/cookie.go:227.56,233.2 1 1
github.com/prebid/prebid-server/usersync/cookie.go:243.56,246.16 3 1
github.com/prebid/prebid-server/usersync/cookie.go:281.2,281.12 1 1
github.com/prebid/prebid-server/usersync/cookie.go:246.16,250.20 3 1
github.com/prebid/prebid-server/usersync/cookie.go:250.20,252.4 1 1
github.com/prebid/prebid-server/usersync/cookie.go:252.9,255.26 2 1
github.com/prebid/prebid-server/usersync/cookie.go:261.4,261.55 1 1
github.com/prebid/prebid-server/usersync/cookie.go:276.4,276.86 1 1
github.com/prebid/prebid-server/usersync/cookie.go:255.26,257.5 1 1
github.com/prebid/prebid-server/usersync/cookie.go:261.55,262.42 1 1
github.com/prebid/prebid-server/usersync/cookie.go:262.42,267.6 1 1
github.com/prebid/prebid-server/usersync/cookie.go:276.86,278.5 1 1
github.com/prebid/prebid-server/usersync/cookie.go:285.45,287.55 2 1
github.com/prebid/prebid-server/usersync/cookie.go:290.2,290.28 1 1
github.com/prebid/prebid-server/usersync/cookie.go:287.55,289.3 1 0
github.com/prebid/prebid-server/usersync/cookie.go:293.29,296.2 2 1
github.com/prebid/prebid-server/usersync/usersyncers/syncer.go:53.93,95.2 39 1
github.com/prebid/prebid-server/usersync/usersyncers/syncer.go:97.194,100.21 3 1
github.com/prebid/prebid-server/usersync/usersyncers/syncer.go:104.2,104.109 1 1
github.com/prebid/prebid-server/usersync/usersyncers/syncer.go:100.21,103.3 2 1
github.com/prebid/prebid-server/pbsmetrics/prometheus/prometheus.go:56.56,154.2 45 1
github.com/prebid/prebid-server/pbsmetrics/prometheus/prometheus.go:156.68,164.2 2 1
github.com/prebid/prebid-server/pbsmetrics/prometheus/prometheus.go:166.69,174.2 2 1
github.com/prebid/prebid-server/pbsmetrics/prometheus/prometheus.go:176.113,184.2 2 1
github.com/prebid/prebid-server/pbsmetrics/prometheus/prometheus.go:186.136,195.2 2 1
github.com/prebid/prebid-server/pbsmetrics/prometheus/prometheus.go:197.57,198.13 1 1
github.com/prebid/prebid-server/pbsmetrics/prometheus/prometheus.go:198.13,200.3 1 1
github.com/prebid/prebid-server/pbsmetrics/prometheus/prometheus.go:200.8,202.3 1 1
github.com/prebid/prebid-server/pbsmetrics/prometheus/prometheus.go:206.56,207.13 1 1
github.com/prebid/prebid-server/pbsmetrics/prometheus/prometheus.go:207.13,209.3 1 1
github.com/prebid/prebid-server/pbsmetrics/prometheus/prometheus.go:209.8,211.3 1 1
github.com/prebid/prebid-server/pbsmetrics/prometheus/prometheus.go:214.60,216.2 1 1
github.com/prebid/prebid-server/pbsmetrics/prometheus/prometheus.go:218.63,220.2 1 1
github.com/prebid/prebid-server/pbsmetrics/prometheus/prometheus.go:222.76,226.2 3 1
github.com/prebid/prebid-server/pbsmetrics/prometheus/prometheus.go:228.86,231.2 2 1
github.com/prebid/prebid-server/pbsmetrics/prometheus/prometheus.go:233.72,235.2 1 0
github.com/prebid/prebid-server/pbsmetrics/prometheus/prometheus.go:237.74,239.38 2 1
github.com/prebid/prebid-server/pbsmetrics/prometheus/prometheus.go:239.38,241.3 1 1
github.com/prebid/prebid-server/pbsmetrics/prometheus/prometheus.go:244.120,246.2 1 1
github.com/prebid/prebid-server/pbsmetrics/prometheus/prometheus.go:248.85,250.2 1 1
github.com/prebid/prebid-server/pbsmetrics/prometheus/prometheus.go:252.93,255.2 2 1
github.com/prebid/prebid-server/pbsmetrics/prometheus/prometheus.go:257.63,259.2 1 1
github.com/prebid/prebid-server/pbsmetrics/prometheus/prometheus.go:261.94,265.17 2 0
github.com/prebid/prebid-server/pbsmetrics/prometheus/prometheus.go:270.2,270.39 1 0
github.com/prebid/prebid-server/pbsmetrics/prometheus/prometheus.go:265.17,267.3 1 0
github.com/prebid/prebid-server/pbsmetrics/prometheus/prometheus.go:267.8,269.3 1 0
github.com/prebid/prebid-server/pbsmetrics/prometheus/prometheus.go:274.92,280.2 2 1
github.com/prebid/prebid-server/pbsmetrics/prometheus/prometheus.go:283.92,289.2 2 1
github.com/prebid/prebid-server/pbsmetrics/prometheus/prometheus.go:291.70,293.2 1 1
github.com/prebid/prebid-server/pbsmetrics/prometheus/prometheus.go:295.64,304.2 1 1
github.com/prebid/prebid-server/pbsmetrics/prometheus/prometheus.go:306.78,316.2 1 1
github.com/prebid/prebid-server/pbsmetrics/prometheus/prometheus.go:318.116,330.12 2 1
github.com/prebid/prebid-server/pbsmetrics/prometheus/prometheus.go:333.2,333.18 1 1
github.com/prebid/prebid-server/pbsmetrics/prometheus/prometheus.go:330.12,332.3 1 1
github.com/prebid/prebid-server/pbsmetrics/prometheus/prometheus.go:336.101,346.2 1 1
github.com/prebid/prebid-server/pbsmetrics/prometheus/prometheus.go:348.80,353.2 1 1
github.com/prebid/prebid-server/pbsmetrics/prometheus/prometheus.go:355.70,362.23 2 1
github.com/prebid/prebid-server/pbsmetrics/prometheus/prometheus.go:365.2,365.22 1 1
github.com/prebid/prebid-server/pbsmetrics/prometheus/prometheus.go:368.2,368.22 1 1
github.com/prebid/prebid-server/pbsmetrics/prometheus/prometheus.go:371.2,371.23 1 1
github.com/prebid/prebid-server/pbsmetrics/prometheus/prometheus.go:374.2,374.18 1 1
github.com/prebid/prebid-server/pbsmetrics/prometheus/prometheus.go:362.23,364.3 1 1
github.com/prebid/prebid-server/pbsmetrics/prometheus/prometheus.go:365.22,367.3 1 1
github.com/prebid/prebid-server/pbsmetrics/prometheus/prometheus.go:368.22,370.3 1 1
github.com/prebid/prebid-server/pbsmetrics/prometheus/prometheus.go:371.23,373.3 1 1
github.com/prebid/prebid-server/pbsmetrics/prometheus/prometheus.go:378.39,381.27 2 1
github.com/prebid/prebid-server/pbsmetrics/prometheus/prometheus.go:386.2,392.27 7 1
github.com/prebid/prebid-server/pbsmetrics/prometheus/prometheus.go:398.2,401.27 4 1
github.com/prebid/prebid-server/pbsmetrics/prometheus/prometheus.go:408.2,410.27 3 1
github.com/prebid/prebid-server/pbsmetrics/prometheus/prometheus.go:413.2,414.27 2 1
github.com/prebid/prebid-server/pbsmetrics/prometheus/prometheus.go:417.2,419.33 3 1
github.com/prebid/prebid-server/pbsmetrics/prometheus/prometheus.go:422.2,423.32 2 1
github.com/prebid/prebid-server/pbsmetrics/prometheus/prometheus.go:429.2,433.34 5 1
github.com/prebid/prebid-server/pbsmetrics/prometheus/prometheus.go:381.27,383.3 1 1
github.com/prebid/prebid-server/pbsmetrics/prometheus/prometheus.go:392.27,395.3 2 1
github.com/prebid/prebid-server/pbsmetrics/prometheus/prometheus.go:401.27,406.3 4 1
github.com/prebid/prebid-server/pbsmetrics/prometheus/prometheus.go:410.27,412.3 1 1
github.com/prebid/prebid-server/pbsmetrics/prometheus/prometheus.go:414.27,416.3 1 1
github.com/prebid/prebid-server/pbsmetrics/prometheus/prometheus.go:419.33,421.3 1 1
github.com/prebid/prebid-server/pbsmetrics/prometheus/prometheus.go:423.32,426.3 2 1
github.com/prebid/prebid-server/pbsmetrics/prometheus/prometheus.go:433.34,435.3 1 1
github.com/prebid/prebid-server/pbsmetrics/prometheus/prometheus.go:439.98,440.22 1 1
github.com/prebid/prebid-server/pbsmetrics/prometheus/prometheus.go:444.2,445.27 2 1
github.com/prebid/prebid-server/pbsmetrics/prometheus/prometheus.go:448.2,448.18 1 1
github.com/prebid/prebid-server/pbsmetrics/prometheus/prometheus.go:440.22,443.3 1 1
github.com/prebid/prebid-server/pbsmetrics/prometheus/prometheus.go:445.27,447.3 1 1
github.com/prebid/prebid-server/pbsmetrics/prometheus/prometheus.go:452.93,454.27 2 1
github.com/prebid/prebid-server/pbsmetrics/prometheus/prometheus.go:459.2,459.18 1 1
github.com/prebid/prebid-server/pbsmetrics/prometheus/prometheus.go:454.27,458.3 3 1
github.com/prebid/prebid-server/pbsmetrics/prometheus/prometheus.go:463.59,465.26 2 1
github.com/prebid/prebid-server/pbsmetrics/prometheus/prometheus.go:468.2,468.17 1 1
github.com/prebid/prebid-server/pbsmetrics/prometheus/prometheus.go:465.26,467.3 1 1
github.com/prebid/prebid-server/pbsmetrics/prometheus/prometheus.go:471.37,474.25 3 1
github.com/prebid/prebid-server/pbsmetrics/prometheus/prometheus.go:477.2,477.15 1 1
github.com/prebid/prebid-server/pbsmetrics/prometheus/prometheus.go:474.25,476.3 1 1
github.com/prebid/prebid-server/pbsmetrics/prometheus/prometheus.go:480.38,483.25 3 1
github.com/prebid/prebid-server/pbsmetrics/prometheus/prometheus.go:486.2,486.15 1 1
github.com/prebid/prebid-server/pbsmetrics/prometheus/prometheus.go:483.25,485.3 1 1
github.com/prebid/prebid-server/pbsmetrics/prometheus/prometheus.go:489.38,492.25 3 1
github.com/prebid/prebid-server/pbsmetrics/prometheus/prometheus.go:495.2,495.15 1 1
github.com/prebid/prebid-server/pbsmetrics/prometheus/prometheus.go:492.25,494.3 1 1
github.com/prebid/prebid-server/pbsmetrics/prometheus/prometheus.go:498.37,501.25 3 1
github.com/prebid/prebid-server/pbsmetrics/prometheus/prometheus.go:504.2,504.15 1 1
github.com/prebid/prebid-server/pbsmetrics/prometheus/prometheus.go:501.25,503.3 1 1
github.com/prebid/prebid-server/pbsmetrics/prometheus/prometheus.go:507.41,510.25 3 1
github.com/prebid/prebid-server/pbsmetrics/prometheus/prometheus.go:513.2,513.15 1 1
github.com/prebid/prebid-server/pbsmetrics/prometheus/prometheus.go:510.25,512.3 1 1
github.com/prebid/prebid-server/pbsmetrics/prometheus/prometheus.go:516.37,519.25 3 1
github.com/prebid/prebid-server/pbsmetrics/prometheus/prometheus.go:522.2,522.15 1 1
github.com/prebid/prebid-server/pbsmetrics/prometheus/prometheus.go:519.25,521.3 1 1
github.com/prebid/prebid-server/pbsmetrics/prometheus/prometheus.go:525.39,528.25 3 1
github.com/prebid/prebid-server/pbsmetrics/prometheus/prometheus.go:531.2,531.15 1 1
github.com/prebid/prebid-server/pbsmetrics/prometheus/prometheus.go:528.25,530.3 1 1
github.com/prebid/prebid-server/pbsmetrics/prometheus/prometheus.go:534.37,537.25 3 1
github.com/prebid/prebid-server/pbsmetrics/prometheus/prometheus.go:540.2,540.15 1 1
github.com/prebid/prebid-server/pbsmetrics/prometheus/prometheus.go:537.25,539.3 1 1
github.com/prebid/prebid-server/pbsmetrics/prometheus/prometheus.go:543.34,546.25 3 1
github.com/prebid/prebid-server/pbsmetrics/prometheus/prometheus.go:549.2,549.15 1 1
github.com/prebid/prebid-server/pbsmetrics/prometheus/prometheus.go:546.25,548.3 1 1
github.com/prebid/prebid-server/pbsmetrics/prometheus/prometheus.go:553.34,556.25 3 1
github.com/prebid/prebid-server/pbsmetrics/prometheus/prometheus.go:559.2,559.15 1 1
github.com/prebid/prebid-server/pbsmetrics/prometheus/prometheus.go:556.25,558.3 1 1
github.com/prebid/prebid-server/currencies/constant_rates.go:15.40,17.2 1 1
github.com/prebid/prebid-server/currencies/constant_rates.go:21.74,23.16 2 1
github.com/prebid/prebid-server/currencies/constant_rates.go:26.2,27.16 2 1
github.com/prebid/prebid-server/currencies/constant_rates.go:31.2,31.42 1 1
github.com/prebid/prebid-server/currencies/constant_rates.go:35.2,35.15 1 1
github.com/prebid/prebid-server/currencies/constant_rates.go:23.16,25.3 1 1
github.com/prebid/prebid-server/currencies/constant_rates.go:27.16,29.3 1 1
github.com/prebid/prebid-server/currencies/constant_rates.go:31.42,33.3 1 1
github.com/prebid/prebid-server/currencies/constant_rates.go:39.67,41.2 1 0
github.com/prebid/prebid-server/currencies/converter_info.go:23.41,25.2 1 0
github.com/prebid/prebid-server/currencies/converter_info.go:28.58,30.2 1 0
github.com/prebid/prebid-server/currencies/converter_info.go:33.49,35.2 1 0
github.com/prebid/prebid-server/currencies/converter_info.go:38.64,40.2 1 0
github.com/prebid/prebid-server/currencies/converter_info.go:43.54,45.2 1 0
github.com/prebid/prebid-server/currencies/rate_converter.go:30.18,37.2 1 1
github.com/prebid/prebid-server/currencies/rate_converter.go:42.47,44.2 1 0
github.com/prebid/prebid-server/currencies/rate_converter.go:55.18,68.45 2 1
github.com/prebid/prebid-server/currencies/rate_converter.go:73.2,76.11 3 1
github.com/prebid/prebid-server/currencies/rate_converter.go:68.45,71.3 2 1
github.com/prebid/prebid-server/currencies/rate_converter.go:80.50,82.16 2 1
github.com/prebid/prebid-server/currencies/rate_converter.go:86.2,87.16 2 1
github.com/prebid/prebid-server/currencies/rate_converter.go:91.2,94.16 3 1
github.com/prebid/prebid-server/currencies/rate_converter.go:98.2,100.16 3 1
github.com/prebid/prebid-server/currencies/rate_converter.go:104.2,104.26 1 1
github.com/prebid/prebid-server/currencies/rate_converter.go:82.16,84.3 1 0
github.com/prebid/prebid-server/currencies/rate_converter.go:87.16,89.3 1 1
github.com/prebid/prebid-server/currencies/rate_converter.go:94.16,96.3 1 0
github.com/prebid/prebid-server/currencies/rate_converter.go:100.16,102.3 1 1
github.com/prebid/prebid-server/currencies/rate_converter.go:108.41,110.16 2 1
github.com/prebid/prebid-server/currencies/rate_converter.go:117.2,117.12 1 1
github.com/prebid/prebid-server/currencies/rate_converter.go:110.16,113.3 2 1
github.com/prebid/prebid-server/currencies/rate_converter.go:113.8,115.3 1 1
github.com/prebid/prebid-server/currencies/rate_converter.go:123.50,128.6 3 1
github.com/prebid/prebid-server/currencies/rate_converter.go:128.6,129.10 1 1
github.com/prebid/prebid-server/currencies/rate_converter.go:130.19,134.32 3 1
github.com/prebid/prebid-server/currencies/rate_converter.go:137.18,138.21 1 1
github.com/prebid/prebid-server/currencies/rate_converter.go:142.4,142.10 1 1
github.com/prebid/prebid-server/currencies/rate_converter.go:134.32,136.5 1 1
github.com/prebid/prebid-server/currencies/rate_converter.go:138.21,141.5 2 1
github.com/prebid/prebid-server/currencies/rate_converter.go:148.49,151.2 2 1
github.com/prebid/prebid-server/currencies/rate_converter.go:154.50,155.62 1 1
github.com/prebid/prebid-server/currencies/rate_converter.go:158.2,158.20 1 1
github.com/prebid/prebid-server/currencies/rate_converter.go:155.62,157.3 1 1
github.com/prebid/prebid-server/currencies/rate_converter.go:162.46,163.29 1 1
github.com/prebid/prebid-server/currencies/rate_converter.go:167.2,167.44 1 1
github.com/prebid/prebid-server/currencies/rate_converter.go:170.2,170.12 1 1
github.com/prebid/prebid-server/currencies/rate_converter.go:163.29,166.3 1 1
github.com/prebid/prebid-server/currencies/rate_converter.go:167.44,169.3 1 1
github.com/prebid/prebid-server/currencies/rate_converter.go:174.50,181.2 1 0
github.com/prebid/prebid-server/currencies/rates.go:21.85,26.2 1 1
github.com/prebid/prebid-server/currencies/rates.go:29.47,34.46 2 1
github.com/prebid/prebid-server/currencies/rates.go:38.2,41.61 3 1
github.com/prebid/prebid-server/currencies/rates.go:45.2,45.12 1 1
github.com/prebid/prebid-server/currencies/rates.go:34.46,36.3 1 0
github.com/prebid/prebid-server/currencies/rates.go:41.61,43.3 1 1
github.com/prebid/prebid-server/currencies/rates.go:50.66,53.16 3 1
github.com/prebid/prebid-server/currencies/rates.go:56.2,57.16 2 1
github.com/prebid/prebid-server/currencies/rates.go:60.2,60.42 1 1
github.com/prebid/prebid-server/currencies/rates.go:63.2,63.26 1 1
github.com/prebid/prebid-server/currencies/rates.go:70.2,70.39 1 1
github.com/prebid/prebid-server/currencies/rates.go:53.16,55.3 1 1
github.com/prebid/prebid-server/currencies/rates.go:57.16,59.3 1 1
github.com/prebid/prebid-server/currencies/rates.go:60.42,62.3 1 0
github.com/prebid/prebid-server/currencies/rates.go:63.26,64.88 1 1
github.com/prebid/prebid-server/currencies/rates.go:68.3,68.111 1 1
github.com/prebid/prebid-server/currencies/rates.go:64.88,66.4 1 1
github.com/prebid/prebid-server/currencies/rates.go:74.59,76.2 1 0
