mode: set
github.com/prebid/prebid-server/adapters/adman/usersync.go:11.66,13.2 1 1
github.com/prebid/prebid-server/adapters/adman/adman.go:20.52,24.2 1 1
github.com/prebid/prebid-server/adapters/adman/adman.go:31.137,39.34 6 1
github.com/prebid/prebid-server/adapters/adman/adman.go:61.2,61.30 1 1
github.com/prebid/prebid-server/adapters/adman/adman.go:39.34,43.71 3 1
github.com/prebid/prebid-server/adapters/adman/adman.go:48.3,48.68 1 1
github.com/prebid/prebid-server/adapters/adman/adman.go:53.3,56.24 3 1
github.com/prebid/prebid-server/adapters/adman/adman.go:59.3,59.33 1 1
github.com/prebid/prebid-server/adapters/adman/adman.go:43.71,45.12 2 1
github.com/prebid/prebid-server/adapters/adman/adman.go:48.68,50.12 2 1
github.com/prebid/prebid-server/adapters/adman/adman.go:56.24,58.4 1 1
github.com/prebid/prebid-server/adapters/adman/adman.go:64.98,70.16 3 1
github.com/prebid/prebid-server/adapters/adman/adman.go:75.2,83.9 4 1
github.com/prebid/prebid-server/adapters/adman/adman.go:70.16,73.3 2 0
github.com/prebid/prebid-server/adapters/adman/adman.go:87.178,90.49 2 1
github.com/prebid/prebid-server/adapters/adman/adman.go:94.2,94.48 1 1
github.com/prebid/prebid-server/adapters/adman/adman.go:100.2,102.64 2 1
github.com/prebid/prebid-server/adapters/adman/adman.go:106.2,108.37 2 1
github.com/prebid/prebid-server/adapters/adman/adman.go:122.2,122.26 1 1
github.com/prebid/prebid-server/adapters/adman/adman.go:90.49,92.3 1 1
github.com/prebid/prebid-server/adapters/adman/adman.go:94.48,98.3 1 1
github.com/prebid/prebid-server/adapters/adman/adman.go:102.64,104.3 1 1
github.com/prebid/prebid-server/adapters/adman/adman.go:108.37,109.25 1 1
github.com/prebid/prebid-server/adapters/adman/adman.go:109.25,111.18 2 1
github.com/prebid/prebid-server/adapters/adman/adman.go:111.18,113.5 1 0
github.com/prebid/prebid-server/adapters/adman/adman.go:113.10,119.5 2 1
github.com/prebid/prebid-server/adapters/adman/adman.go:125.88,127.27 2 1
github.com/prebid/prebid-server/adapters/adman/adman.go:137.2,139.3 1 0
github.com/prebid/prebid-server/adapters/adman/adman.go:127.27,128.22 1 1
github.com/prebid/prebid-server/adapters/adman/adman.go:128.22,129.45 1 1
github.com/prebid/prebid-server/adapters/adman/adman.go:132.4,132.25 1 1
github.com/prebid/prebid-server/adapters/adman/adman.go:129.45,131.5 1 1
